Breakpoint 1 at 0x6f644
Function "__libc_dlopen_mode" not defined.
Breakpoint 2 (__libc_dlopen_mode) pending.
Function "_dl_debug_state" not defined.
Breakpoint 3 (_dl_debug_state) pending.
trace_librknnc_build.gdb loaded; run an RKNN build process
[Thread debugging using libthread_db enabled]
Using host libthread_db library "/lib/aarch64-linux-gnu/libthread_db.so.1".
[New Thread 0x7feb64f120 (LWP 104330)]
[New Thread 0x7feae3f120 (LWP 104331)]
[New Thread 0x7fe862f120 (LWP 104332)]
[New Thread 0x7fe5e1f120 (LWP 104333)]
[New Thread 0x7fe360f120 (LWP 104334)]
[New Thread 0x7fe0dff120 (LWP 104335)]
[New Thread 0x7fdc5ef120 (LWP 104336)]
[New Thread 0x7fd7f1f120 (LWP 104337)]
[New Thread 0x7fd770f120 (LWP 104338)]
[New Thread 0x7fd4eff120 (LWP 104339)]
[New Thread 0x7fd26ef120 (LWP 104340)]
[New Thread 0x7fcfedf120 (LWP 104341)]
[New Thread 0x7fcd6cf120 (LWP 104342)]
[New Thread 0x7fcaebf120 (LWP 104343)]
[Detaching after vfork from child process 104344]
librknnc base=0x7fc1360000
trace param_extractor_mode_switch=0x7fc152bc10 limit=80
Breakpoint 4 at 0x7fc152bc10
trace split_planner=0x7fc15ac1d0 limit=24
Breakpoint 5 at 0x7fc15ac1d0
trace top_tiler=0x7fc15b39c0 limit=24
Breakpoint 6 at 0x7fc15b39c0
trace cna_bank_validator_a=0x7fc1b313dc limit=64
Breakpoint 7 at 0x7fc1b313dc
trace cna_bank_validator_b=0x7fc1b31438 limit=64
Breakpoint 8 at 0x7fc1b31438
trace reuse_update_a=0x7fc2891590 limit=80
Breakpoint 9 at 0x7fc2891590
trace reuse_update_b=0x7fc28a77dc limit=80
Breakpoint 10 at 0x7fc28a77dc
trace reuse_update_c=0x7fc28a7820 limit=80
Breakpoint 11 at 0x7fc28a7820
trace abc_or_channel_tile_emit_a=0x7fc2930cc0 limit=80
Breakpoint 12 at 0x7fc2930cc0
trace abc_or_channel_tile_emit_b=0x7fc2935ef0 limit=80
Breakpoint 13 at 0x7fc2935ef0
trace kc_or_alt_emit=0x7fc2941b60 limit=80
Breakpoint 14 at 0x7fc2941b60
[New Thread 0x7faf61f120 (LWP 104345)]
[New Thread 0x7faee0f120 (LWP 104346)]
[New Thread 0x7fae5ff120 (LWP 104347)]
[New Thread 0x7faddef120 (LWP 104348)]
[New Thread 0x7fad5df120 (LWP 104349)]
[New Thread 0x7facdcf120 (LWP 104350)]
[New Thread 0x7fac5bf120 (LWP 104351)]
[Detaching after vfork from child process 104352]
I rknn-toolkit2 version: 2.3.2
[New Thread 0x7fa1997120 (LWP 104353)]
I Loading :   0%|                                                             | 0/2 [00:00<?, ?it/s]I Loading : 100%|█████████████████████████████████████████████████████| 2/2 [00:00<00:00, 30.22it/s]
[1;33mW[0m [1;33mload_onnx: The config.mean_values is None, zeros will be set for input 0![0m
[1;33mW[0m [1;33mload_onnx: The config.std_values is None, ones will be set for input 0![0m
[0;93m2026-05-23 03:24:58.486222064 [W:onnxruntime:Default, device_discovery.cc:164 DiscoverDevicesForPlatform] GPU device discovery failed: device_discovery.cc:89 ReadFileContents Failed to open file: "/sys/class/drm/card1/device/vendor"[m
I OpFusing 0:   0%|                                                         | 0/100 [00:00<?, ?it/s]I OpFusing 0: 100%|███████████████████████████████████████████| 100/100 [00:00<00:00, 181728.94it/s]I OpFusing 1 :   0%|                                                        | 0/100 [00:00<?, ?it/s]I OpFusing 1 : 100%|███████████████████████████████████████████| 100/100 [00:00<00:00, 68311.14it/s]I OpFusing 2 :   0%|                                                        | 0/100 [00:00<?, ?it/s]I OpFusing 2 : 100%|███████████████████████████████████████████| 100/100 [00:00<00:00, 54806.01it/s]I OpFusing 2 : 100%|███████████████████████████████████████████| 100/100 [00:00<00:00, 48901.76it/s]
I rknn building ...

[librknnc:split_planner hit=1 pc=0x7fc15ac1d0 off=0x24c1d0]
  x0=0x555b464030 x1=0x555b4538c0 x2=0x7fc15ac1d0 x3=0x555b45f3a0 x4=0x0 x5=0x7fffffd910 x6=0x3b x7=0x200 x8=0x434e4e4b523a3a6e lr=0x7fc15acea4
  entry *x0@0x555b464030: +0x00=0x0000007fc2e94b48 +0x08=0x0000000000000000 +0x10=0x0000000000000000 +0x18=0x0000000000000012 +0x20=0x0000007fffffd810 +0x28=0x000000555b464088 +0x30=0x0000000000000001 +0x38=0x0000000000000000 +0x40=0x0000000000000000 +0x48=0x000000003f800000
  entry *x1@0x555b4538c0: +0x00=0x0000007fc2e4f2e0 +0x08=0x0000007fffffd810 +0x10=0x000000555b642a18 +0x18=0x000000555b45b3c0 +0x20=0x000000555b63e5c0 +0x28=0x000000555b63fb20 +0x30=0x000000000000001d +0x38=0x000000555b643e10 +0x40=0x0000000000000015 +0x48=0x2c3235313f800000
  entry *x2@0x7fc15ac1d0: +0x00=0x52800064d11043ff +0x08=0xd280000252800003 +0x10=0x910003fda9007bfd +0x18=0xaa0003f3a90153f3 +0x20=0x9104a3faa9046bf9 +0x28=0xa90363f7a9025bf5 +0x30=0xd2800001aa0103f7 +0x38=0xf90067e0a90573fb +0x40=0x97fc495baa1a03e0 +0x48=0x90000000f9400261
  entry *x3@0x555b45f3a0: +0x00=0x0000000000000000 +0x08=0x0000000000000000 +0x10=0x0000000000000000 +0x18=0x0000000000000000 +0x20=0x0000000000000000 +0x28=0x0000000000000000 +0x30=0x0000000000000000 +0x38=0x0000000000000000 +0x40=0x0000000000000000 +0x48=0x0000000000000000
  entry *x4@0x0: null
  entry *x5@0x7fffffd910: +0x00=0x0000007fc2e4f480 +0x08=0x000000555b45f3a0 +0x10=0x0000000100000011 +0x18=0x0000005500000000 +0x20=0x0000007fffffd930 +0x28=0x0000007fffffd930 +0x30=0x0000000000000000 +0x38=0x0000000000000000 +0x40=0x0000000000000000 +0x48=0x0000007fc2e4f440
  entry *x6@0x3b: unreadable
  entry *x8@0x434e4e4b523a3a6e: unreadable
Breakpoint 15 at 0x7fc15acea4
  #0  0x0000007fc15ac1d0 in ?? () from /home/orangepi/.local/lib/python3.10/site-packages/rknn/api/lib/linux-aarch64/librknnc.so
  #1  0x0000007fc15acea4 in ?? () from /home/orangepi/.local/lib/python3.10/site-packages/rknn/api/lib/linux-aarch64/librknnc.so
  #2  0x0000007fc14f1ce4 in ?? () from /home/orangepi/.local/lib/python3.10/site-packages/rknn/api/lib/linux-aarch64/librknnc.so
  #3  0x0000007fc14f1eb0 in ?? () from /home/orangepi/.local/lib/python3.10/site-packages/rknn/api/lib/linux-aarch64/librknnc.so
  #4  0x0000007fc14f24c8 in ?? () from /home/orangepi/.local/lib/python3.10/site-packages/rknn/api/lib/linux-aarch64/librknnc.so
  #5  0x0000007fc14b6e20 in rknn::RKNNCompiler::build() () from /home/orangepi/.local/lib/python3.10/site-packages/rknn/api/lib/linux-aarch64/librknnc.so
  #6  0x0000007fc14c13d0 in RKNNCompiler_build () from /home/orangepi/.local/lib/python3.10/site-packages/rknn/api/lib/linux-aarch64/librknnc.so
  #7  0x0000007ff7296e10 in ?? () from /lib/aarch64-linux-gnu/libffi.so.8

[librknnc:split_planner:return pc=0x7fc15acea4]
  ret_x0=0x0 ret_x1=0x7fedf1ad10 ret_w0=0x0
  return *x0@0x555b464030: +0x00=0x0000007fc2e94b48 +0x08=0x0000000000000000 +0x10=0x0000000000000000 +0x18=0x0000000000000012 +0x20=0x0000007fffffd810 +0x28=0x000000555b464088 +0x30=0x0000000000000001 +0x38=0x0000000000000000 +0x40=0x0000000000000000 +0x48=0x000000003f800000
  return *x1@0x555b4538c0: +0x00=0x0000007fc2e4f2e0 +0x08=0x0000007fffffd810 +0x10=0x000000555b642a18 +0x18=0x000000555b45b3c0 +0x20=0x000000555b63e5c0 +0x28=0x000000555b63fb20 +0x30=0x000000000000001d +0x38=0x000000555b643e10 +0x40=0x0000000000000015 +0x48=0x2c3235313f800000
  return *x2@0x7fc15ac1d0: +0x00=0x52800064d11043ff +0x08=0xd280000252800003 +0x10=0x910003fda9007bfd +0x18=0xaa0003f3a90153f3 +0x20=0x9104a3faa9046bf9 +0x28=0xa90363f7a9025bf5 +0x30=0xd2800001aa0103f7 +0x38=0xf90067e0a90573fb +0x40=0x97fc495baa1a03e0 +0x48=0x90000000f9400261
  return *x3@0x555b45f3a0: +0x00=0x0000000000000000 +0x08=0x0000000000000000 +0x10=0x0000000000000000 +0x18=0x0000000000000000 +0x20=0x0000000000000000 +0x28=0x0000000000000000 +0x30=0x0000000000000000 +0x38=0x0000000000000000 +0x40=0x0000000000000000 +0x48=0x0000000000000000
  return *x4@0x0: null
  return *x5@0x7fffffd910: +0x00=0x0000007fc2e4f480 +0x08=0x000000555b45f3a0 +0x10=0x0000000100000011 +0x18=0x0000005500000000 +0x20=0x0000007fffffd930 +0x28=0x0000007fffffd930 +0x30=0x0000000000000000 +0x38=0x0000000000000000 +0x40=0x0000000000000000 +0x48=0x0000007fc2e4f440
  return *x6@0x3b: unreadable
  return *x8@0x434e4e4b523a3a6e: unreadable

[librknnc:param_extractor_mode_switch hit=1 pc=0x7fc152bc10 off=0x1cbc10]
  x0=0x555b6359f8 x1=0xa x2=0x3 x3=0x1 x4=0x9 x5=0x555b63c850 x6=0x555b644490 x7=0x555b63e5c0 x8=0x7fffffcd90 lr=0x7fc152cacc
  entry *x0@0x555b6359f8: +0x00=0x0000005546495245 +0x08=0x000000555b634fe8 +0x10=0x0000002000000080 +0x18=0x0000002000000040 +0x20=0x0000002000000020 +0x28=0x0000001000000010 +0x30=0x0000004000000010 +0x38=0x0000002000000040 +0x40=0x000ef00000000010 +0x48=0x000002000000000c
  entry *x1@0xa: unreadable
  entry *x2@0x3: unreadable
  entry *x3@0x1: unreadable
  entry *x4@0x9: unreadable
  entry *x5@0x555b63c850: +0x00=0x0000000000000000 +0x08=0x0000000000000021 +0x10=0x000000555e36730c +0x18=0x000000555b648810 +0x20=0x000000000000000e +0x28=0x0000000000000021 +0x30=0x000000555e367f0c +0x38=0x000000555b634ec0 +0x40=0x0000000000000000 +0x48=0x0000000000000021
  entry *x6@0x555b644490: +0x00=0x0000007fc2e92528 +0x08=0x0000007fc2b30738 +0x10=0x0000000000000004 +0x18=0x000000555b643d48 +0x20=0x000000555b63e5d8 +0x28=0x0000000000000000 +0x30=0x0000000000000000 +0x38=0x0000000000000000 +0x40=0x0000000000000000 +0x48=0x0000000000000000
  entry *x8@0x7fffffcd90: +0x00=0x0000000000000010 +0x08=0x0000000000000010 +0x10=0x0000007fffffcf00 +0x18=0x0000007fffffce98 +0x20=0x0000007fffffcef8 +0x28=0x0000007fedf10558 +0x30=0x0000007fffffce10 +0x38=0x0000007fc15cad84 +0x40=0x0000007fffffcf00 +0x48=0x000000555b63cd70
  #0  0x0000007fc152bc10 in ?? () from /home/orangepi/.local/lib/python3.10/site-packages/rknn/api/lib/linux-aarch64/librknnc.so
  #1  0x0000007fc152cacc in ?? () from /home/orangepi/.local/lib/python3.10/site-packages/rknn/api/lib/linux-aarch64/librknnc.so
  #2  0x0000007fc2689b20 in ?? () from /home/orangepi/.local/lib/python3.10/site-packages/rknn/api/lib/linux-aarch64/librknnc.so
  #3  0x0000007fc15cad84 in ?? () from /home/orangepi/.local/lib/python3.10/site-packages/rknn/api/lib/linux-aarch64/librknnc.so
  #4  0x0000007fc15cb894 in ?? () from /home/orangepi/.local/lib/python3.10/site-packages/rknn/api/lib/linux-aarch64/librknnc.so
  #5  0x0000007fc15391a8 in ?? () from /home/orangepi/.local/lib/python3.10/site-packages/rknn/api/lib/linux-aarch64/librknnc.so
  #6  0x0000007fc1539cb4 in ?? () from /home/orangepi/.local/lib/python3.10/site-packages/rknn/api/lib/linux-aarch64/librknnc.so
  #7  0x0000007fc14f1ce4 in ?? () from /home/orangepi/.local/lib/python3.10/site-packages/rknn/api/lib/linux-aarch64/librknnc.so

[librknnc:param_extractor_mode_switch hit=2 pc=0x7fc152bc10 off=0x1cbc10]
  x0=0x555b6359f8 x1=0xa x2=0x3 x3=0x1 x4=0x9 x5=0x555b63c850 x6=0x555b644490 x7=0x555b63e5c0 x8=0x7fffffcd90 lr=0x7fc152cacc
  entry *x0@0x555b6359f8: +0x00=0x0000005546495245 +0x08=0x000000555b634fe8 +0x10=0x0000002000000080 +0x18=0x0000002000000040 +0x20=0x0000002000000020 +0x28=0x0000001000000010 +0x30=0x0000004000000010 +0x38=0x0000002000000040 +0x40=0x000ef00000000010 +0x48=0x000002000000000c
  entry *x1@0xa: unreadable
  entry *x2@0x3: unreadable
  entry *x3@0x1: unreadable
  entry *x4@0x9: unreadable
  entry *x5@0x555b63c850: +0x00=0x0000000000000000 +0x08=0x0000000000000021 +0x10=0x000000555e36730c +0x18=0x000000555b648810 +0x20=0x000000000000000e +0x28=0x0000000000000021 +0x30=0x000000555e367f0c +0x38=0x000000555b634ec0 +0x40=0x0000000000000000 +0x48=0x0000000000000021
  entry *x6@0x555b644490: +0x00=0x0000007fc2e92528 +0x08=0x0000007fc2b30738 +0x10=0x0000000000000004 +0x18=0x000000555b643d48 +0x20=0x000000555b63e5d8 +0x28=0x0000000000000000 +0x30=0x0000000000000000 +0x38=0x0000000000000000 +0x40=0x0000000000000000 +0x48=0x0000000000000000
  entry *x8@0x7fffffcd90: +0x00=0x0000000000000010 +0x08=0x0000000000000010 +0x10=0x0000007fffffcf00 +0x18=0x000000555b63cd70 +0x20=0x0000007fffffcef8 +0x28=0x0000007fedf10558 +0x30=0x0000007fffffce10 +0x38=0x0000007fc15cb430 +0x40=0x0000007fffffcf00 +0x48=0x000000555b644490
  #0  0x0000007fc152bc10 in ?? () from /home/orangepi/.local/lib/python3.10/site-packages/rknn/api/lib/linux-aarch64/librknnc.so
  #1  0x0000007fc152cacc in ?? () from /home/orangepi/.local/lib/python3.10/site-packages/rknn/api/lib/linux-aarch64/librknnc.so
  #2  0x0000007fc2689b20 in ?? () from /home/orangepi/.local/lib/python3.10/site-packages/rknn/api/lib/linux-aarch64/librknnc.so
  #3  0x0000007fc15cb430 in ?? () from /home/orangepi/.local/lib/python3.10/site-packages/rknn/api/lib/linux-aarch64/librknnc.so
  #4  0x0000007fc15cb8a8 in ?? () from /home/orangepi/.local/lib/python3.10/site-packages/rknn/api/lib/linux-aarch64/librknnc.so
  #5  0x0000007fc15391a8 in ?? () from /home/orangepi/.local/lib/python3.10/site-packages/rknn/api/lib/linux-aarch64/librknnc.so
  #6  0x0000007fc1539cb4 in ?? () from /home/orangepi/.local/lib/python3.10/site-packages/rknn/api/lib/linux-aarch64/librknnc.so
  #7  0x0000007fc14f1ce4 in ?? () from /home/orangepi/.local/lib/python3.10/site-packages/rknn/api/lib/linux-aarch64/librknnc.so

[librknnc:param_extractor_mode_switch hit=3 pc=0x7fc152bc10 off=0x1cbc10]
  x0=0x555b6359f8 x1=0xa x2=0xa x3=0x140 x4=0x1 x5=0x100000001 x6=0x7fffffc8b8 x7=0x7fffffc920 x8=0x7fffffc8d0 lr=0x7fc15b6788
  entry *x0@0x555b6359f8: +0x00=0x0000005546495245 +0x08=0x000000555b634fe8 +0x10=0x0000002000000080 +0x18=0x0000002000000040 +0x20=0x0000002000000020 +0x28=0x0000001000000010 +0x30=0x0000004000000010 +0x38=0x0000002000000040 +0x40=0x000ef00000000010 +0x48=0x000002000000000c
  entry *x1@0xa: unreadable
  entry *x2@0xa: unreadable
  entry *x3@0x140: unreadable
  entry *x4@0x1: unreadable
  entry *x5@0x100000001: unreadable
  entry *x6@0x7fffffc8b8: +0x00=0x0000014000000001 +0x08=0x0000001400000014 +0x10=0x78ca3a3e00000001 +0x18=0x0000007fffffca90 +0x20=0x0000007ff7d751b0 +0x28=0x0000000000000027 +0x30=0x0000007fffffc958 +0x38=0x0000007fffffc930 +0x40=0x0000007fedd9343c +0x48=0x0000000000000219
  entry *x8@0x7fffffc8d0: +0x00=0x0000007fffffca90 +0x08=0x0000007ff7d751b0 +0x10=0x0000000000000027 +0x18=0x0000007fffffc958 +0x20=0x0000007fffffc930 +0x28=0x0000007fedd9343c +0x30=0x0000000000000219 +0x38=0x000000000000002d +0x40=0x0000007fffffc9e0 +0x48=0x0000007fffffc990
  #0  0x0000007fc152bc10 in ?? () from /home/orangepi/.local/lib/python3.10/site-packages/rknn/api/lib/linux-aarch64/librknnc.so
  #1  0x0000007fc15b6788 in ?? () from /home/orangepi/.local/lib/python3.10/site-packages/rknn/api/lib/linux-aarch64/librknnc.so
  #2  0x0000007fc15bbe2c in ?? () from /home/orangepi/.local/lib/python3.10/site-packages/rknn/api/lib/linux-aarch64/librknnc.so
  #3  0x0000007fc15bc39c in ?? () from /home/orangepi/.local/lib/python3.10/site-packages/rknn/api/lib/linux-aarch64/librknnc.so
  #4  0x0000007fc15b1324 in ?? () from /home/orangepi/.local/lib/python3.10/site-packages/rknn/api/lib/linux-aarch64/librknnc.so
  #5  0x0000007fc14f1ce4 in ?? () from /home/orangepi/.local/lib/python3.10/site-packages/rknn/api/lib/linux-aarch64/librknnc.so
  #6  0x0000007fc14f1eb0 in ?? () from /home/orangepi/.local/lib/python3.10/site-packages/rknn/api/lib/linux-aarch64/librknnc.so
  #7  0x0000007fc14f24c8 in ?? () from /home/orangepi/.local/lib/python3.10/site-packages/rknn/api/lib/linux-aarch64/librknnc.so

[librknnc:param_extractor_mode_switch hit=4 pc=0x7fc152bc10 off=0x1cbc10]
  x0=0x555b6359f8 x1=0xa x2=0x2 x3=0x200000010 x4=0x1 x5=0x100000001 x6=0x7fffffc8b8 x7=0x7fffffc920 x8=0x7fffffc8e8 lr=0x7fc15b67ac
  entry *x0@0x555b6359f8: +0x00=0x0000005546495245 +0x08=0x000000555b634fe8 +0x10=0x0000002000000080 +0x18=0x0000002000000040 +0x20=0x0000002000000020 +0x28=0x0000001000000010 +0x30=0x0000004000000010 +0x38=0x0000002000000040 +0x40=0x000ef00000000010 +0x48=0x000002000000000c
  entry *x1@0xa: unreadable
  entry *x2@0x2: unreadable
  entry *x3@0x200000010: unreadable
  entry *x4@0x1: unreadable
  entry *x5@0x100000001: unreadable
  entry *x6@0x7fffffc8b8: +0x00=0x0000014000000001 +0x08=0x0000001400000014 +0x10=0x78ca3a3e00000001 +0x18=0x0000000200000010 +0x20=0x0000000200000002 +0x28=0x0000000000000002 +0x30=0x0000007fffffc958 +0x38=0x0000007fffffc930 +0x40=0x0000007fedd9343c +0x48=0x0000000000000219
  entry *x8@0x7fffffc8e8: +0x00=0x0000007fffffc958 +0x08=0x0000007fffffc930 +0x10=0x0000007fedd9343c +0x18=0x0000000000000219 +0x20=0x000000000000002d +0x28=0x0000007fffffc9e0 +0x30=0x0000007fffffc990 +0x38=0x000000000000002d +0x40=0x0000007fffffcb90 +0x48=0x0000007fffffc950
  #0  0x0000007fc152bc10 in ?? () from /home/orangepi/.local/lib/python3.10/site-packages/rknn/api/lib/linux-aarch64/librknnc.so
  #1  0x0000007fc15b67ac in ?? () from /home/orangepi/.local/lib/python3.10/site-packages/rknn/api/lib/linux-aarch64/librknnc.so
  #2  0x0000007fc15bbe2c in ?? () from /home/orangepi/.local/lib/python3.10/site-packages/rknn/api/lib/linux-aarch64/librknnc.so
  #3  0x0000007fc15bc39c in ?? () from /home/orangepi/.local/lib/python3.10/site-packages/rknn/api/lib/linux-aarch64/librknnc.so
  #4  0x0000007fc15b1324 in ?? () from /home/orangepi/.local/lib/python3.10/site-packages/rknn/api/lib/linux-aarch64/librknnc.so
  #5  0x0000007fc14f1ce4 in ?? () from /home/orangepi/.local/lib/python3.10/site-packages/rknn/api/lib/linux-aarch64/librknnc.so
  #6  0x0000007fc14f1eb0 in ?? () from /home/orangepi/.local/lib/python3.10/site-packages/rknn/api/lib/linux-aarch64/librknnc.so
  #7  0x0000007fc14f24c8 in ?? () from /home/orangepi/.local/lib/python3.10/site-packages/rknn/api/lib/linux-aarch64/librknnc.so

[librknnc:param_extractor_mode_switch hit=5 pc=0x7fc152bc10 off=0x1cbc10]
  x0=0x555b6359f8 x1=0xa x2=0x3 x3=0x1 x4=0x9 x5=0xa0 x6=0x7fffffc8b8 x7=0x7fffffc920 x8=0x7fffffc420 lr=0x7fc152cacc
  entry *x0@0x555b6359f8: +0x00=0x0000005546495245 +0x08=0x000000555b634fe8 +0x10=0x0000002000000080 +0x18=0x0000002000000040 +0x20=0x0000002000000020 +0x28=0x0000001000000010 +0x30=0x0000004000000010 +0x38=0x0000002000000040 +0x40=0x000ef00000000010 +0x48=0x000002000000000c
  entry *x1@0xa: unreadable
  entry *x2@0x3: unreadable
  entry *x3@0x1: unreadable
  entry *x4@0x9: unreadable
  entry *x5@0xa0: unreadable
  entry *x6@0x7fffffc8b8: +0x00=0x0000014000000001 +0x08=0x0000001400000014 +0x10=0x78ca3a3e00000001 +0x18=0x0000000200000010 +0x20=0x0000000200000002 +0x28=0x0000000000000002 +0x30=0x0000000200000010 +0x38=0x0000000200000002 +0x40=0x0000007f00000002 +0x48=0x0000000000000219
  entry *x8@0x7fffffc420: +0x00=0x0000007fffffc4d0 +0x08=0x0000007fc15b6868 +0x10=0x000000555b643e30 +0x18=0x0000000000000002 +0x20=0x000000555b6359f8 +0x28=0x0000007fedd9d070 +0x30=0x0000007fffffc730 +0x38=0x0000007fffffcd70 +0x40=0x0000000000000000 +0x48=0x00000000fffffffe
  #0  0x0000007fc152bc10 in ?? () from /home/orangepi/.local/lib/python3.10/site-packages/rknn/api/lib/linux-aarch64/librknnc.so
  #1  0x0000007fc152cacc in ?? () from /home/orangepi/.local/lib/python3.10/site-packages/rknn/api/lib/linux-aarch64/librknnc.so
  #2  0x0000007fc15b68d4 in ?? () from /home/orangepi/.local/lib/python3.10/site-packages/rknn/api/lib/linux-aarch64/librknnc.so
  #3  0x0000007fc15bbe2c in ?? () from /home/orangepi/.local/lib/python3.10/site-packages/rknn/api/lib/linux-aarch64/librknnc.so
  #4  0x0000007fc15bc39c in ?? () from /home/orangepi/.local/lib/python3.10/site-packages/rknn/api/lib/linux-aarch64/librknnc.so
  #5  0x0000007fc15b1324 in ?? () from /home/orangepi/.local/lib/python3.10/site-packages/rknn/api/lib/linux-aarch64/librknnc.so
  #6  0x0000007fc14f1ce4 in ?? () from /home/orangepi/.local/lib/python3.10/site-packages/rknn/api/lib/linux-aarch64/librknnc.so
  #7  0x0000007fc14f1eb0 in ?? () from /home/orangepi/.local/lib/python3.10/site-packages/rknn/api/lib/linux-aarch64/librknnc.so

[librknnc:top_tiler hit=1 pc=0x7fc15b39c0 off=0x2539c0]
  x0=0x555b636960 x1=0x555b6359f8 x2=0x555b644490 x3=0x7fffffcc60 x4=0x7fffffc960 x5=0x7fffffc980 x6=0x7fffffc84c x7=0xa0 x8=0x7fffffca98 lr=0x7fc15b7140
  entry *x0@0x555b636960: +0x00=0x0000007fc2e94c90 +0x08=0x0000007f00000000 +0x10=0x0000000000000000 +0x18=0x0000000000000021 +0x20=0x0000007fffffd810 +0x28=0x000000555b6359f8 +0x30=0x0000001d00000003 +0x38=0xbfd0d6bf00000003 +0x40=0x000000555b63c880 +0x48=0x000000555b63c884
  entry *x1@0x555b6359f8: +0x00=0x0000005546495245 +0x08=0x000000555b634fe8 +0x10=0x0000002000000080 +0x18=0x0000002000000040 +0x20=0x0000002000000020 +0x28=0x0000001000000010 +0x30=0x0000004000000010 +0x38=0x0000002000000040 +0x40=0x000ef00000000010 +0x48=0x000002000000000c
  entry *x2@0x555b644490: +0x00=0x0000007fc2e92528 +0x08=0x0000007fc2b30738 +0x10=0x0000000000000004 +0x18=0x000000555b643d48 +0x20=0x000000555b63e5d8 +0x28=0x0000000000000000 +0x30=0x0000000000000000 +0x38=0x0000000000000000 +0x40=0x0000000000000000 +0x48=0x0000000000000000
  entry *x3@0x7fffffcc60: +0x00=0x000000555b63ca00 +0x08=0x000000555b63ca08 +0x10=0x000000555b63ca08 +0x18=0x000000000000003e +0x20=0x0000007fffffcd50 +0x28=0x0000007fffffcd00 +0x30=0x000000000000003e +0x38=0x0000007fffffcf00 +0x40=0x0000007fffffccc0 +0x48=0x0000007fedddcf3c
  entry *x4@0x7fffffc960: +0x00=0x0000000000000000 +0x08=0x0000000000000000 +0x10=0x0000000000000000 +0x18=0x0000007feddde2a0 +0x20=0x0000000000000000 +0x28=0x0000000000000000 +0x30=0x0000000000000000 +0x38=0x78ca3a3ecde49700 +0x40=0x000000555b63c860 +0x48=0x000000555b63c864
  entry *x5@0x7fffffc980: +0x00=0x0000000000000000 +0x08=0x0000000000000000 +0x10=0x0000000000000000 +0x18=0x78ca3a3ecde49700 +0x20=0x000000555b63c860 +0x28=0x000000555b63c864 +0x30=0x000000555b63c864 +0x38=0x0000007feddd4554 +0x40=0x000000555b63cf00 +0x48=0x000000555b63cf18
  entry *x6@0x7fffffc84c: +0x00=0x0000000100000006 +0x08=0x0000000100000001 +0x10=0x0000000100000001 +0x18=0x00000014000000a0 +0x20=0x0000014000000014 +0x28=0x00000003000000a0 +0x30=0x0000000100000003 +0x38=0x0000001400000140 +0x40=0x0000000100000014 +0x48=0x0000000100000001
  entry *x8@0x7fffffca98: +0x00=0x0000007feddde194 +0x08=0x0000007fedf1b558 +0x10=0x000000555b646eb0 +0x18=0x000000555b63cf00 +0x20=0x000000555b63cf04 +0x28=0x000000555b63cf04 +0x30=0x000000000000003c +0x38=0x000000555b646eb0 +0x40=0x78ca3a3ecde49700 +0x48=0x0000007fffffcb30
Breakpoint 16 at 0x7fc15b7140
  #0  0x0000007fc15b39c0 in ?? () from /home/orangepi/.local/lib/python3.10/site-packages/rknn/api/lib/linux-aarch64/librknnc.so
  #1  0x0000007fc15b7140 in ?? () from /home/orangepi/.local/lib/python3.10/site-packages/rknn/api/lib/linux-aarch64/librknnc.so
  #2  0x0000007fc15bbe2c in ?? () from /home/orangepi/.local/lib/python3.10/site-packages/rknn/api/lib/linux-aarch64/librknnc.so
  #3  0x0000007fc15bc39c in ?? () from /home/orangepi/.local/lib/python3.10/site-packages/rknn/api/lib/linux-aarch64/librknnc.so
  #4  0x0000007fc15b1324 in ?? () from /home/orangepi/.local/lib/python3.10/site-packages/rknn/api/lib/linux-aarch64/librknnc.so
  #5  0x0000007fc14f1ce4 in ?? () from /home/orangepi/.local/lib/python3.10/site-packages/rknn/api/lib/linux-aarch64/librknnc.so
  #6  0x0000007fc14f1eb0 in ?? () from /home/orangepi/.local/lib/python3.10/site-packages/rknn/api/lib/linux-aarch64/librknnc.so
  #7  0x0000007fc14f24c8 in ?? () from /home/orangepi/.local/lib/python3.10/site-packages/rknn/api/lib/linux-aarch64/librknnc.so

[librknnc:param_extractor_mode_switch hit=6 pc=0x7fc152bc10 off=0x1cbc10]
  x0=0x555b6359f8 x1=0xa x2=0x140 x3=0x14000000000 x4=0x1 x5=0xa0 x6=0x14 x7=0xa0 x8=0x7fffffc0e0 lr=0x7fc15b3d10
  entry *x0@0x555b6359f8: +0x00=0x0000005546495245 +0x08=0x000000555b634fe8 +0x10=0x0000002000000080 +0x18=0x0000002000000040 +0x20=0x0000002000000020 +0x28=0x0000001000000010 +0x30=0x0000004000000010 +0x38=0x0000002000000040 +0x40=0x000ef00000000010 +0x48=0x000002000000000c
  entry *x1@0xa: unreadable
  entry *x2@0x140: unreadable
  entry *x3@0x14000000000: unreadable
  entry *x4@0x1: unreadable
  entry *x5@0xa0: unreadable
  entry *x6@0x14: unreadable
  entry *x8@0x7fffffc0e0: +0x00=0x0000000000000010 +0x08=0x00000000000000a0 +0x10=0x0000000000000040 +0x18=0x00000000ffffffff +0x20=0x0000000000000046 +0x28=0x78ca3a3ecde49700 +0x30=0x00000000ffffc180 +0x38=0x0000007fedd9d070 +0x40=0x00000010ffffc420 +0x48=0x000000555b6359f8
  #0  0x0000007fc152bc10 in ?? () from /home/orangepi/.local/lib/python3.10/site-packages/rknn/api/lib/linux-aarch64/librknnc.so
  #1  0x0000007fc15b3d10 in ?? () from /home/orangepi/.local/lib/python3.10/site-packages/rknn/api/lib/linux-aarch64/librknnc.so
  #2  0x0000007fc15b7140 in ?? () from /home/orangepi/.local/lib/python3.10/site-packages/rknn/api/lib/linux-aarch64/librknnc.so
  #3  0x0000007fc15bbe2c in ?? () from /home/orangepi/.local/lib/python3.10/site-packages/rknn/api/lib/linux-aarch64/librknnc.so
  #4  0x0000007fc15bc39c in ?? () from /home/orangepi/.local/lib/python3.10/site-packages/rknn/api/lib/linux-aarch64/librknnc.so
  #5  0x0000007fc15b1324 in ?? () from /home/orangepi/.local/lib/python3.10/site-packages/rknn/api/lib/linux-aarch64/librknnc.so
  #6  0x0000007fc14f1ce4 in ?? () from /home/orangepi/.local/lib/python3.10/site-packages/rknn/api/lib/linux-aarch64/librknnc.so
  #7  0x0000007fc14f1eb0 in ?? () from /home/orangepi/.local/lib/python3.10/site-packages/rknn/api/lib/linux-aarch64/librknnc.so

[librknnc:param_extractor_mode_switch hit=7 pc=0x7fc152bc10 off=0x1cbc10]
  x0=0x555b6359f8 x1=0xa x2=0x140 x3=0x200000010 x4=0x1 x5=0xa0 x6=0x14 x7=0x1 x8=0x7fffffc0f8 lr=0x7fc15b3d4c
  entry *x0@0x555b6359f8: +0x00=0x0000005546495245 +0x08=0x000000555b634fe8 +0x10=0x0000002000000080 +0x18=0x0000002000000040 +0x20=0x0000002000000020 +0x28=0x0000001000000010 +0x30=0x0000004000000010 +0x38=0x0000002000000040 +0x40=0x000ef00000000010 +0x48=0x000002000000000c
  entry *x1@0xa: unreadable
  entry *x2@0x140: unreadable
  entry *x3@0x200000010: unreadable
  entry *x4@0x1: unreadable
  entry *x5@0xa0: unreadable
  entry *x6@0x14: unreadable
  entry *x8@0x7fffffc0f8: +0x00=0x00000000ffffffff +0x08=0x0000000000000046 +0x10=0x78ca3a3ecde49700 +0x18=0x00000000ffffc180 +0x20=0x0000007fedd9d070 +0x28=0x00000010ffffc420 +0x30=0x000000555b6359f8 +0x38=0x0000000000000000 +0x40=0x0000001000000020 +0x48=0x0000007fffffc4d0
  #0  0x0000007fc152bc10 in ?? () from /home/orangepi/.local/lib/python3.10/site-packages/rknn/api/lib/linux-aarch64/librknnc.so
  #1  0x0000007fc15b3d4c in ?? () from /home/orangepi/.local/lib/python3.10/site-packages/rknn/api/lib/linux-aarch64/librknnc.so
  #2  0x0000007fc15b7140 in ?? () from /home/orangepi/.local/lib/python3.10/site-packages/rknn/api/lib/linux-aarch64/librknnc.so
  #3  0x0000007fc15bbe2c in ?? () from /home/orangepi/.local/lib/python3.10/site-packages/rknn/api/lib/linux-aarch64/librknnc.so
  #4  0x0000007fc15bc39c in ?? () from /home/orangepi/.local/lib/python3.10/site-packages/rknn/api/lib/linux-aarch64/librknnc.so
  #5  0x0000007fc15b1324 in ?? () from /home/orangepi/.local/lib/python3.10/site-packages/rknn/api/lib/linux-aarch64/librknnc.so
  #6  0x0000007fc14f1ce4 in ?? () from /home/orangepi/.local/lib/python3.10/site-packages/rknn/api/lib/linux-aarch64/librknnc.so
  #7  0x0000007fc14f1eb0 in ?? () from /home/orangepi/.local/lib/python3.10/site-packages/rknn/api/lib/linux-aarch64/librknnc.so

[librknnc:top_tiler:return pc=0x7fc15b7140]
  ret_x0=0x7fffffca98 ret_x1=0x0 ret_w0=0xffffca98
  return *x0@0x555b636960: +0x00=0x0000007fc2e94c90 +0x08=0x0000007f00000000 +0x10=0x0000000000000000 +0x18=0x0000000000000021 +0x20=0x0000007fffffd810 +0x28=0x000000555b6359f8 +0x30=0x0000001d00000003 +0x38=0xbfd0d6bf00000003 +0x40=0x000000555b63c880 +0x48=0x000000555b63c884
  return *x1@0x555b6359f8: +0x00=0x0000005546495245 +0x08=0x000000555b634fe8 +0x10=0x0000002000000080 +0x18=0x0000002000000040 +0x20=0x0000002000000020 +0x28=0x0000001000000010 +0x30=0x0000004000000010 +0x38=0x0000002000000040 +0x40=0x000ef00000000010 +0x48=0x000002000000000c
  return *x2@0x555b644490: +0x00=0x0000007fc2e92528 +0x08=0x0000007fc2b30738 +0x10=0x0000000000000004 +0x18=0x000000555b643d48 +0x20=0x000000555b63e5d8 +0x28=0x0000000000000000 +0x30=0x0000000000000000 +0x38=0x0000000000000000 +0x40=0x0000000000000000 +0x48=0x0000000000000000
  return *x3@0x7fffffcc60: +0x00=0x000000555b63ca00 +0x08=0x000000555b63ca08 +0x10=0x000000555b63ca08 +0x18=0x000000000000003e +0x20=0x0000007fffffcd50 +0x28=0x0000007fffffcd00 +0x30=0x000000000000003e +0x38=0x0000007fffffcf00 +0x40=0x0000007fffffccc0 +0x48=0x0000007fedddcf3c
  return *x4@0x7fffffc960: +0x00=0x000000555b646ee0 +0x08=0x000000555b646f08 +0x10=0x000000555b646f08 +0x18=0x0000007feddde2a0 +0x20=0x000000555b646f10 +0x28=0x000000555b646f38 +0x30=0x000000555b646f38 +0x38=0x78ca3a3ecde49700 +0x40=0x000000555b63c860 +0x48=0x000000555b63c864
  return *x5@0x7fffffc980: +0x00=0x000000555b646f10 +0x08=0x000000555b646f38 +0x10=0x000000555b646f38 +0x18=0x78ca3a3ecde49700 +0x20=0x000000555b63c860 +0x28=0x000000555b63c864 +0x30=0x000000555b63c864 +0x38=0x0000007feddd4554 +0x40=0x000000555b63cf00 +0x48=0x000000555b63cf18
  return *x6@0x7fffffc84c: +0x00=0x0000000100000002 +0x08=0x0000000100000001 +0x10=0x0000000100000001 +0x18=0x00000014000000a0 +0x20=0x0000014000000014 +0x28=0x00000003000000a0 +0x30=0x0000000100000003 +0x38=0x0000001400000140 +0x40=0x0000000100000014 +0x48=0x0000000100000001
  return *x8@0x7fffffca98: +0x00=0x000000555b63c6a0 +0x08=0x000000555b63c6b8 +0x10=0x000000555b63c6b8 +0x18=0x000000555b63cf00 +0x20=0x000000555b63cf04 +0x28=0x000000555b63cf04 +0x30=0x000000000000003c +0x38=0x000000555b646eb0 +0x40=0x78ca3a3ecde49700 +0x48=0x0000007fffffcb30
  return vec x3@0x7fffffcc60: begin=0x555b63ca00 end=0x555b63ca08 cap=0x555b63ca08 bytes=8 cap_bytes=8 n32=2 n64=1
    d32 00000000 00000014
    q64 +0x00=0x0000001400000000
  return vec x4@0x7fffffc960: begin=0x555b646ee0 end=0x555b646f08 cap=0x555b646f08 bytes=40 cap_bytes=40 n32=10 n64=5
    d32 5b456070 00000055 00000000 00000000 5b456070 00000055 00000001 6150676e 5b456078 00000055
    q64 +0x00=0x000000555b456070 +0x08=0x0000000000000000 +0x10=0x000000555b456070 +0x18=0x6150676e00000001 +0x20=0x000000555b456078
    ptr[0]@0x555b456070 d32 5e367276 00000055 00000000 00000000 00000000 00000055 00000031 00000000 00000005 00000000 00000005 00000000 00000000 00000000 70797464 00000065 00000000 00000000 00000021 00000000 5b643738 00000055 f7ea1b70 0000007f
    ptr[0]@0x555b456070 q64 +0x00=0x000000555e367276 +0x08=0x0000000000000000 +0x10=0x0000005500000000 +0x18=0x0000000000000031 +0x20=0x0000000000000005 +0x28=0x0000000000000005 +0x30=0x0000000000000000 +0x38=0x0000006570797464 +0x40=0x0000000000000000 +0x48=0x0000000000000021 +0x50=0x000000555b643738 +0x58=0x0000007ff7ea1b70
    ptr[2]@0x555b456070 d32 5e367276 00000055 00000000 00000000 00000000 00000055 00000031 00000000 00000005 00000000 00000005 00000000 00000000 00000000 70797464 00000065 00000000 00000000 00000021 00000000 5b643738 00000055 f7ea1b70 0000007f
    ptr[2]@0x555b456070 q64 +0x00=0x000000555e367276 +0x08=0x0000000000000000 +0x10=0x0000005500000000 +0x18=0x0000000000000031 +0x20=0x0000000000000005 +0x28=0x0000000000000005 +0x30=0x0000000000000000 +0x38=0x0000006570797464 +0x40=0x0000000000000000 +0x48=0x0000000000000021 +0x50=0x000000555b643738 +0x58=0x0000007ff7ea1b70
    ptr[4]@0x555b456078 d32 00000000 00000000 00000000 00000055 00000031 00000000 00000005 00000000 00000005 00000000 00000000 00000000 70797464 00000065 00000000 00000000 00000021 00000000 5b643738 00000055 f7ea1b70 0000007f ffffffff 00000000
    ptr[4]@0x555b456078 q64 +0x00=0x0000000000000000 +0x08=0x0000005500000000 +0x10=0x0000000000000031 +0x18=0x0000000000000005 +0x20=0x0000000000000005 +0x28=0x0000000000000000 +0x30=0x0000006570797464 +0x38=0x0000000000000000 +0x40=0x0000000000000021 +0x48=0x000000555b643738 +0x50=0x0000007ff7ea1b70 +0x58=0x00000000ffffffff
  return vec x5@0x7fffffc980: begin=0x555b646f10 end=0x555b646f38 cap=0x555b646f38 bytes=40 cap_bytes=40 n32=10 n64=5
    d32 5b63c620 00000055 00000000 0000007f 5b63c620 00000055 00000001 00000000 5b63c628 00000055
    q64 +0x00=0x000000555b63c620 +0x08=0x0000007f00000000 +0x10=0x000000555b63c620 +0x18=0x0000000000000001 +0x20=0x000000555b63c628
    ptr[0]@0x555b63c620 d32 5e13925c 00000055 00000000 00000000 00000000 00000000 00000021 00000000 5b63c8c0 00000055 c2b252db 0000007f 5b467890 00000055 00000021 00000000 5e367ecc 00000055 5b464e10 00000055 0000000b 00000000 00000021 00000000
    ptr[0]@0x555b63c620 q64 +0x00=0x000000555e13925c +0x08=0x0000000000000000 +0x10=0x0000000000000000 +0x18=0x0000000000000021 +0x20=0x000000555b63c8c0 +0x28=0x0000007fc2b252db +0x30=0x000000555b467890 +0x38=0x0000000000000021 +0x40=0x000000555e367ecc +0x48=0x000000555b464e10 +0x50=0x000000000000000b +0x58=0x0000000000000021
    ptr[1]@0x7f00000000 d32 unreadable
    ptr[1]@0x7f00000000 q64 unreadable
    ptr[2]@0x555b63c620 d32 5e13925c 00000055 00000000 00000000 00000000 00000000 00000021 00000000 5b63c8c0 00000055 c2b252db 0000007f 5b467890 00000055 00000021 00000000 5e367ecc 00000055 5b464e10 00000055 0000000b 00000000 00000021 00000000
    ptr[2]@0x555b63c620 q64 +0x00=0x000000555e13925c +0x08=0x0000000000000000 +0x10=0x0000000000000000 +0x18=0x0000000000000021 +0x20=0x000000555b63c8c0 +0x28=0x0000007fc2b252db +0x30=0x000000555b467890 +0x38=0x0000000000000021 +0x40=0x000000555e367ecc +0x48=0x000000555b464e10 +0x50=0x000000000000000b +0x58=0x0000000000000021
    ptr[4]@0x555b63c628 d32 00000000 00000000 00000000 00000000 00000021 00000000 5b63c8c0 00000055 c2b252db 0000007f 5b467890 00000055 00000021 00000000 5e367ecc 00000055 5b464e10 00000055 0000000b 00000000 00000021 00000000 5e36716c 00000055
    ptr[4]@0x555b63c628 q64 +0x00=0x0000000000000000 +0x08=0x0000000000000000 +0x10=0x0000000000000021 +0x18=0x000000555b63c8c0 +0x20=0x0000007fc2b252db +0x28=0x000000555b467890 +0x30=0x0000000000000021 +0x38=0x000000555e367ecc +0x40=0x000000555b464e10 +0x48=0x000000000000000b +0x50=0x0000000000000021 +0x58=0x000000555e36716c
  return vec x8@0x7fffffca98: begin=0x555b63c6a0 end=0x555b63c6b8 cap=0x555b63c6b8 bytes=24 cap_bytes=24 n32=6 n64=3
    d32 5b63c600 00000055 5b63c608 00000055 5b63c608 00000055
    q64 +0x00=0x000000555b63c600 +0x08=0x000000555b63c608 +0x10=0x000000555b63c608
    ptr[0]@0x555b63c600 d32 ffffffff 00000013 00000000 00000000 00000000 00000000 00000021 00000000 5e13925c 00000055 00000000 00000000 00000000 00000000 00000021 00000000 5b63c8c0 00000055 c2b252db 0000007f 5b467890 00000055 00000021 00000000
    ptr[0]@0x555b63c600 q64 +0x00=0x00000013ffffffff +0x08=0x0000000000000000 +0x10=0x0000000000000000 +0x18=0x0000000000000021 +0x20=0x000000555e13925c +0x28=0x0000000000000000 +0x30=0x0000000000000000 +0x38=0x0000000000000021 +0x40=0x000000555b63c8c0 +0x48=0x0000007fc2b252db +0x50=0x000000555b467890 +0x58=0x0000000000000021
    ptr[1]@0x555b63c608 d32 00000000 00000000 00000000 00000000 00000021 00000000 5e13925c 00000055 00000000 00000000 00000000 00000000 00000021 00000000 5b63c8c0 00000055 c2b252db 0000007f 5b467890 00000055 00000021 00000000 5e367ecc 00000055
    ptr[1]@0x555b63c608 q64 +0x00=0x0000000000000000 +0x08=0x0000000000000000 +0x10=0x0000000000000021 +0x18=0x000000555e13925c +0x20=0x0000000000000000 +0x28=0x0000000000000000 +0x30=0x0000000000000021 +0x38=0x000000555b63c8c0 +0x40=0x0000007fc2b252db +0x48=0x000000555b467890 +0x50=0x0000000000000021 +0x58=0x000000555e367ecc
    ptr[2]@0x555b63c608 d32 00000000 00000000 00000000 00000000 00000021 00000000 5e13925c 00000055 00000000 00000000 00000000 00000000 00000021 00000000 5b63c8c0 00000055 c2b252db 0000007f 5b467890 00000055 00000021 00000000 5e367ecc 00000055
    ptr[2]@0x555b63c608 q64 +0x00=0x0000000000000000 +0x08=0x0000000000000000 +0x10=0x0000000000000021 +0x18=0x000000555e13925c +0x20=0x0000000000000000 +0x28=0x0000000000000000 +0x30=0x0000000000000021 +0x38=0x000000555b63c8c0 +0x40=0x0000007fc2b252db +0x48=0x000000555b467890 +0x50=0x0000000000000021 +0x58=0x000000555e367ecc

[librknnc:top_tiler hit=2 pc=0x7fc15b39c0 off=0x2539c0]
  x0=0x555b636960 x1=0x555b6359f8 x2=0x555b644490 x3=0x7fffffcc60 x4=0x7fffffc960 x5=0x7fffffc980 x6=0x7fffffc84c x7=0xa0 x8=0x7fffffca98 lr=0x7fc15b7140
  entry *x0@0x555b636960: +0x00=0x0000007fc2e94c90 +0x08=0x0000007f00000000 +0x10=0x0000000000000000 +0x18=0x0000000000000021 +0x20=0x0000007fffffd810 +0x28=0x000000555b6359f8 +0x30=0x0000001d00000003 +0x38=0xbfd0d6bf00000003 +0x40=0x000000555b63c880 +0x48=0x000000555b63c884
  entry *x1@0x555b6359f8: +0x00=0x0000005546495245 +0x08=0x000000555b634fe8 +0x10=0x0000002000000080 +0x18=0x0000002000000040 +0x20=0x0000002000000020 +0x28=0x0000001000000010 +0x30=0x0000004000000010 +0x38=0x0000002000000040 +0x40=0x000ef00000000010 +0x48=0x000002000000000c
  entry *x2@0x555b644490: +0x00=0x0000007fc2e92528 +0x08=0x0000007fc2b30738 +0x10=0x0000000000000004 +0x18=0x000000555b643d48 +0x20=0x000000555b63e5d8 +0x28=0x0000000000000000 +0x30=0x0000000000000000 +0x38=0x0000000000000000 +0x40=0x0000000000000000 +0x48=0x0000000000000000
  entry *x3@0x7fffffcc60: +0x00=0x000000555b63c7e0 +0x08=0x000000555b63c7e8 +0x10=0x000000555b63c7e8 +0x18=0x0000000000000001 +0x20=0x0000007f00000000 +0x28=0x0000000000000001 +0x30=0x0000000100000000 +0x38=0x0000007f00000000 +0x40=0x000000555b63c940 +0x48=0x000000555b63c950
  entry *x4@0x7fffffc960: +0x00=0x0000000000000000 +0x08=0x0000000000000000 +0x10=0x0000000000000000 +0x18=0x0000007feddde2a0 +0x20=0x0000000000000000 +0x28=0x0000000000000000 +0x30=0x0000000000000000 +0x38=0x78ca3a3ecde49700 +0x40=0x000000555b63c980 +0x48=0x000000555b63c984
  entry *x5@0x7fffffc980: +0x00=0x0000000000000000 +0x08=0x0000000000000000 +0x10=0x0000000000000000 +0x18=0x78ca3a3ecde49700 +0x20=0x000000555b63c980 +0x28=0x000000555b63c984 +0x30=0x000000555b63c984 +0x38=0x0000007feddd4554 +0x40=0x000000555b643750 +0x48=0x000000555b643768
  entry *x6@0x7fffffc84c: +0x00=0x0000000100000006 +0x08=0x0000000100000001 +0x10=0x0000000100000001 +0x18=0x00000014000000a0 +0x20=0x0000014000000014 +0x28=0x00000003000000a0 +0x30=0x0000000100000003 +0x38=0x0000001400000140 +0x40=0x0000000100000014 +0x48=0x0000000100000001
  entry *x8@0x7fffffca98: +0x00=0x000000555b63c6a0 +0x08=0x000000555b63c6b8 +0x10=0x000000555b63c6b8 +0x18=0x000000555b643750 +0x20=0x000000555b643754 +0x28=0x000000555b643754 +0x30=0x0000000000000001 +0x38=0x0000000000000000 +0x40=0x0000000000000001 +0x48=0x0000000100000000
Breakpoint 17 at 0x7fc15b7140
  #0  0x0000007fc15b39c0 in ?? () from /home/orangepi/.local/lib/python3.10/site-packages/rknn/api/lib/linux-aarch64/librknnc.so
  #1  0x0000007fc15b7140 in ?? () from /home/orangepi/.local/lib/python3.10/site-packages/rknn/api/lib/linux-aarch64/librknnc.so
  #2  0x0000007fc15bbe2c in ?? () from /home/orangepi/.local/lib/python3.10/site-packages/rknn/api/lib/linux-aarch64/librknnc.so
  #3  0x0000007fc15bc39c in ?? () from /home/orangepi/.local/lib/python3.10/site-packages/rknn/api/lib/linux-aarch64/librknnc.so
  #4  0x0000007fc15b1324 in ?? () from /home/orangepi/.local/lib/python3.10/site-packages/rknn/api/lib/linux-aarch64/librknnc.so
  #5  0x0000007fc14f1ce4 in ?? () from /home/orangepi/.local/lib/python3.10/site-packages/rknn/api/lib/linux-aarch64/librknnc.so
  #6  0x0000007fc14f1eb0 in ?? () from /home/orangepi/.local/lib/python3.10/site-packages/rknn/api/lib/linux-aarch64/librknnc.so
  #7  0x0000007fc14f24c8 in ?? () from /home/orangepi/.local/lib/python3.10/site-packages/rknn/api/lib/linux-aarch64/librknnc.so

[librknnc:param_extractor_mode_switch hit=8 pc=0x7fc152bc10 off=0x1cbc10]
  x0=0x555b6359f8 x1=0xa x2=0x140 x3=0x14000000000 x4=0x1 x5=0xa0 x6=0x14 x7=0xa0 x8=0x7fffffc0e0 lr=0x7fc15b3d10
  entry *x0@0x555b6359f8: +0x00=0x0000005546495245 +0x08=0x000000555b634fe8 +0x10=0x0000002000000080 +0x18=0x0000002000000040 +0x20=0x0000002000000020 +0x28=0x0000001000000010 +0x30=0x0000004000000010 +0x38=0x0000002000000040 +0x40=0x000ef00000000010 +0x48=0x000002000000000c
  entry *x1@0xa: unreadable
  entry *x2@0x140: unreadable
  entry *x3@0x14000000000: unreadable
  entry *x4@0x1: unreadable
  entry *x5@0xa0: unreadable
  entry *x6@0x14: unreadable
  entry *x8@0x7fffffc0e0: +0x00=0x0000000000000010 +0x08=0x00000000000000a0 +0x10=0x0000000000000040 +0x18=0x00000000ffffffff +0x20=0x0000000200000002 +0x28=0x78ca3a3e00000002 +0x30=0x000000005b462460 +0x38=0x000000555b462468 +0x40=0x000000105b462468 +0x48=0x000000555b6359f8
  #0  0x0000007fc152bc10 in ?? () from /home/orangepi/.local/lib/python3.10/site-packages/rknn/api/lib/linux-aarch64/librknnc.so
  #1  0x0000007fc15b3d10 in ?? () from /home/orangepi/.local/lib/python3.10/site-packages/rknn/api/lib/linux-aarch64/librknnc.so
  #2  0x0000007fc15b7140 in ?? () from /home/orangepi/.local/lib/python3.10/site-packages/rknn/api/lib/linux-aarch64/librknnc.so
  #3  0x0000007fc15bbe2c in ?? () from /home/orangepi/.local/lib/python3.10/site-packages/rknn/api/lib/linux-aarch64/librknnc.so
  #4  0x0000007fc15bc39c in ?? () from /home/orangepi/.local/lib/python3.10/site-packages/rknn/api/lib/linux-aarch64/librknnc.so
  #5  0x0000007fc15b1324 in ?? () from /home/orangepi/.local/lib/python3.10/site-packages/rknn/api/lib/linux-aarch64/librknnc.so
  #6  0x0000007fc14f1ce4 in ?? () from /home/orangepi/.local/lib/python3.10/site-packages/rknn/api/lib/linux-aarch64/librknnc.so
  #7  0x0000007fc14f1eb0 in ?? () from /home/orangepi/.local/lib/python3.10/site-packages/rknn/api/lib/linux-aarch64/librknnc.so

[librknnc:param_extractor_mode_switch hit=9 pc=0x7fc152bc10 off=0x1cbc10]
  x0=0x555b6359f8 x1=0xa x2=0x140 x3=0x200000010 x4=0x1 x5=0xa0 x6=0x14 x7=0x1 x8=0x7fffffc0f8 lr=0x7fc15b3d4c
  entry *x0@0x555b6359f8: +0x00=0x0000005546495245 +0x08=0x000000555b634fe8 +0x10=0x0000002000000080 +0x18=0x0000002000000040 +0x20=0x0000002000000020 +0x28=0x0000001000000010 +0x30=0x0000004000000010 +0x38=0x0000002000000040 +0x40=0x000ef00000000010 +0x48=0x000002000000000c
  entry *x1@0xa: unreadable
  entry *x2@0x140: unreadable
  entry *x3@0x200000010: unreadable
  entry *x4@0x1: unreadable
  entry *x5@0xa0: unreadable
  entry *x6@0x14: unreadable
  entry *x8@0x7fffffc0f8: +0x00=0x00000000ffffffff +0x08=0x0000000200000002 +0x10=0x78ca3a3e00000002 +0x18=0x000000005b462460 +0x20=0x000000555b462468 +0x28=0x000000105b462468 +0x30=0x000000555b6359f8 +0x38=0x0000000000000000 +0x40=0x0000001000000020 +0x48=0x0000007fffffc4d0
  #0  0x0000007fc152bc10 in ?? () from /home/orangepi/.local/lib/python3.10/site-packages/rknn/api/lib/linux-aarch64/librknnc.so
  #1  0x0000007fc15b3d4c in ?? () from /home/orangepi/.local/lib/python3.10/site-packages/rknn/api/lib/linux-aarch64/librknnc.so
  #2  0x0000007fc15b7140 in ?? () from /home/orangepi/.local/lib/python3.10/site-packages/rknn/api/lib/linux-aarch64/librknnc.so
  #3  0x0000007fc15bbe2c in ?? () from /home/orangepi/.local/lib/python3.10/site-packages/rknn/api/lib/linux-aarch64/librknnc.so
  #4  0x0000007fc15bc39c in ?? () from /home/orangepi/.local/lib/python3.10/site-packages/rknn/api/lib/linux-aarch64/librknnc.so
  #5  0x0000007fc15b1324 in ?? () from /home/orangepi/.local/lib/python3.10/site-packages/rknn/api/lib/linux-aarch64/librknnc.so
  #6  0x0000007fc14f1ce4 in ?? () from /home/orangepi/.local/lib/python3.10/site-packages/rknn/api/lib/linux-aarch64/librknnc.so
  #7  0x0000007fc14f1eb0 in ?? () from /home/orangepi/.local/lib/python3.10/site-packages/rknn/api/lib/linux-aarch64/librknnc.so

[librknnc:top_tiler:return pc=0x7fc15b7140]
  ret_x0=0x7fffffca98 ret_x1=0x0 ret_w0=0xffffca98
  return *x0@0x555b636960: +0x00=0x0000007fc2e94c90 +0x08=0x0000007f00000000 +0x10=0x0000000000000000 +0x18=0x0000000000000021 +0x20=0x0000007fffffd810 +0x28=0x000000555b6359f8 +0x30=0x0000001d00000003 +0x38=0xbfd0d6bf00000003 +0x40=0x000000555b63c880 +0x48=0x000000555b63c884
  return *x1@0x555b6359f8: +0x00=0x0000005546495245 +0x08=0x000000555b634fe8 +0x10=0x0000002000000080 +0x18=0x0000002000000040 +0x20=0x0000002000000020 +0x28=0x0000001000000010 +0x30=0x0000004000000010 +0x38=0x0000002000000040 +0x40=0x000ef00000000010 +0x48=0x000002000000000c
  return *x2@0x555b644490: +0x00=0x0000007fc2e92528 +0x08=0x0000007fc2b30738 +0x10=0x0000000000000004 +0x18=0x000000555b643d48 +0x20=0x000000555b63e5d8 +0x28=0x0000000000000000 +0x30=0x0000000000000000 +0x38=0x0000000000000000 +0x40=0x0000000000000000 +0x48=0x0000000000000000
  return *x3@0x7fffffcc60: +0x00=0x000000555b63c7e0 +0x08=0x000000555b63c7e8 +0x10=0x000000555b63c7e8 +0x18=0x0000000000000001 +0x20=0x0000007f00000000 +0x28=0x0000000000000001 +0x30=0x0000000100000000 +0x38=0x0000007f00000000 +0x40=0x000000555b63c940 +0x48=0x000000555b63c950
  return *x4@0x7fffffc960: +0x00=0x000000555b646ee0 +0x08=0x000000555b646f08 +0x10=0x000000555b646f08 +0x18=0x0000007feddde2a0 +0x20=0x000000555b646f10 +0x28=0x000000555b646f38 +0x30=0x000000555b646f38 +0x38=0x78ca3a3ecde49700 +0x40=0x000000555b63c980 +0x48=0x000000555b63c984
  return *x5@0x7fffffc980: +0x00=0x000000555b646f10 +0x08=0x000000555b646f38 +0x10=0x000000555b646f38 +0x18=0x78ca3a3ecde49700 +0x20=0x000000555b63c980 +0x28=0x000000555b63c984 +0x30=0x000000555b63c984 +0x38=0x0000007feddd4554 +0x40=0x000000555b643750 +0x48=0x000000555b643768
  return *x6@0x7fffffc84c: +0x00=0x0000000100000002 +0x08=0x0000000100000001 +0x10=0x0000000100000001 +0x18=0x00000014000000a0 +0x20=0x0000014000000014 +0x28=0x00000003000000a0 +0x30=0x0000000100000003 +0x38=0x0000001400000140 +0x40=0x0000000100000014 +0x48=0x0000000100000001
  return *x8@0x7fffffca98: +0x00=0x000000555b63c6a0 +0x08=0x000000555b63c6b8 +0x10=0x000000555b63c6b8 +0x18=0x000000555b643750 +0x20=0x000000555b643754 +0x28=0x000000555b643754 +0x30=0x0000000000000001 +0x38=0x0000000000000000 +0x40=0x0000000000000001 +0x48=0x0000000100000000
  return vec x3@0x7fffffcc60: begin=0x555b63c7e0 end=0x555b63c7e8 cap=0x555b63c7e8 bytes=8 cap_bytes=8 n32=2 n64=1
    d32 00000000 00000014
    q64 +0x00=0x0000001400000000
  return vec x4@0x7fffffc960: begin=0x555b646ee0 end=0x555b646f08 cap=0x555b646f08 bytes=40 cap_bytes=40 n32=10 n64=5
    d32 5b63cfc0 00000055 00000000 00000000 5b63cfc0 00000055 00000001 6150676e 5b63cfc8 00000055
    q64 +0x00=0x000000555b63cfc0 +0x08=0x0000000000000000 +0x10=0x000000555b63cfc0 +0x18=0x6150676e00000001 +0x20=0x000000555b63cfc8
    ptr[0]@0x555b63cfc0 d32 5e36793c 00000055 00000000 00000000 00000000 00000000 00000021 00000000 5e36712c 00000055 00000014 00000014 00000020 00000000 00000021 00000000 00000001 00000002 00000003 00000000 00000000 00000055 00000021 00000000
    ptr[0]@0x555b63cfc0 q64 +0x00=0x000000555e36793c +0x08=0x0000000000000000 +0x10=0x0000000000000000 +0x18=0x0000000000000021 +0x20=0x000000555e36712c +0x28=0x0000001400000014 +0x30=0x0000000000000020 +0x38=0x0000000000000021 +0x40=0x0000000200000001 +0x48=0x0000000000000003 +0x50=0x0000005500000000 +0x58=0x0000000000000021
    ptr[2]@0x555b63cfc0 d32 5e36793c 00000055 00000000 00000000 00000000 00000000 00000021 00000000 5e36712c 00000055 00000014 00000014 00000020 00000000 00000021 00000000 00000001 00000002 00000003 00000000 00000000 00000055 00000021 00000000
    ptr[2]@0x555b63cfc0 q64 +0x00=0x000000555e36793c +0x08=0x0000000000000000 +0x10=0x0000000000000000 +0x18=0x0000000000000021 +0x20=0x000000555e36712c +0x28=0x0000001400000014 +0x30=0x0000000000000020 +0x38=0x0000000000000021 +0x40=0x0000000200000001 +0x48=0x0000000000000003 +0x50=0x0000005500000000 +0x58=0x0000000000000021
    ptr[4]@0x555b63cfc8 d32 00000000 00000000 00000000 00000000 00000021 00000000 5e36712c 00000055 00000014 00000014 00000020 00000000 00000021 00000000 00000001 00000002 00000003 00000000 00000000 00000055 00000021 00000000 5e3673ed 00000055
    ptr[4]@0x555b63cfc8 q64 +0x00=0x0000000000000000 +0x08=0x0000000000000000 +0x10=0x0000000000000021 +0x18=0x000000555e36712c +0x20=0x0000001400000014 +0x28=0x0000000000000020 +0x30=0x0000000000000021 +0x38=0x0000000200000001 +0x40=0x0000000000000003 +0x48=0x0000005500000000 +0x50=0x0000000000000021 +0x58=0x000000555e3673ed
  return vec x5@0x7fffffc980: begin=0x555b646f10 end=0x555b646f38 cap=0x555b646f38 bytes=40 cap_bytes=40 n32=10 n64=5
    d32 5b63cf00 00000055 00000000 00000000 5b63cf00 00000055 00000001 00000000 5b63cf08 00000055
    q64 +0x00=0x000000555b63cf00 +0x08=0x0000000000000000 +0x10=0x000000555b63cf00 +0x18=0x0000000000000001 +0x20=0x000000555b63cf08
    ptr[0]@0x555b63cf00 d32 5e367e5c 00000055 00000000 00000000 00000000 00000000 00000021 00000000 0555b63c 00000000 00000014 00000014 00000020 00000000 00000021 00000000 5e3679ec 00000055 00000014 00000014 00000000 00000055 00000021 00000000
    ptr[0]@0x555b63cf00 q64 +0x00=0x000000555e367e5c +0x08=0x0000000000000000 +0x10=0x0000000000000000 +0x18=0x0000000000000021 +0x20=0x000000000555b63c +0x28=0x0000001400000014 +0x30=0x0000000000000020 +0x38=0x0000000000000021 +0x40=0x000000555e3679ec +0x48=0x0000001400000014 +0x50=0x0000005500000000 +0x58=0x0000000000000021
    ptr[2]@0x555b63cf00 d32 5e367e5c 00000055 00000000 00000000 00000000 00000000 00000021 00000000 0555b63c 00000000 00000014 00000014 00000020 00000000 00000021 00000000 5e3679ec 00000055 00000014 00000014 00000000 00000055 00000021 00000000
    ptr[2]@0x555b63cf00 q64 +0x00=0x000000555e367e5c +0x08=0x0000000000000000 +0x10=0x0000000000000000 +0x18=0x0000000000000021 +0x20=0x000000000555b63c +0x28=0x0000001400000014 +0x30=0x0000000000000020 +0x38=0x0000000000000021 +0x40=0x000000555e3679ec +0x48=0x0000001400000014 +0x50=0x0000005500000000 +0x58=0x0000000000000021
    ptr[4]@0x555b63cf08 d32 00000000 00000000 00000000 00000000 00000021 00000000 0555b63c 00000000 00000014 00000014 00000020 00000000 00000021 00000000 5e3679ec 00000055 00000014 00000014 00000000 00000055 00000021 00000000 5b644180 00000055
    ptr[4]@0x555b63cf08 q64 +0x00=0x0000000000000000 +0x08=0x0000000000000000 +0x10=0x0000000000000021 +0x18=0x000000000555b63c +0x20=0x0000001400000014 +0x28=0x0000000000000020 +0x30=0x0000000000000021 +0x38=0x000000555e3679ec +0x40=0x0000001400000014 +0x48=0x0000005500000000 +0x50=0x0000000000000021 +0x58=0x000000555b644180
  return vec x8@0x7fffffca98: begin=0x555b63c6a0 end=0x555b63c6b8 cap=0x555b63c6b8 bytes=24 cap_bytes=24 n32=6 n64=3
    d32 5b63c620 00000055 5b63c628 00000055 5b63c628 00000055
    q64 +0x00=0x000000555b63c620 +0x08=0x000000555b63c628 +0x10=0x000000555b63c628
    ptr[0]@0x555b63c620 d32 ffffffff 00000013 00000000 00000000 00000000 00000000 00000021 00000000 5b63c8c0 00000055 c2b252db 0000007f 5b467890 00000055 00000021 00000000 5e36794c 00000055 5b63cf88 00000055 5b63cf88 00000055 00000021 00000000
    ptr[0]@0x555b63c620 q64 +0x00=0x00000013ffffffff +0x08=0x0000000000000000 +0x10=0x0000000000000000 +0x18=0x0000000000000021 +0x20=0x000000555b63c8c0 +0x28=0x0000007fc2b252db +0x30=0x000000555b467890 +0x38=0x0000000000000021 +0x40=0x000000555e36794c +0x48=0x000000555b63cf88 +0x50=0x000000555b63cf88 +0x58=0x0000000000000021
    ptr[1]@0x555b63c628 d32 00000000 00000000 00000000 00000000 00000021 00000000 5b63c8c0 00000055 c2b252db 0000007f 5b467890 00000055 00000021 00000000 5e36794c 00000055 5b63cf88 00000055 5b63cf88 00000055 00000021 00000000 5e36790c 00000055
    ptr[1]@0x555b63c628 q64 +0x00=0x0000000000000000 +0x08=0x0000000000000000 +0x10=0x0000000000000021 +0x18=0x000000555b63c8c0 +0x20=0x0000007fc2b252db +0x28=0x000000555b467890 +0x30=0x0000000000000021 +0x38=0x000000555e36794c +0x40=0x000000555b63cf88 +0x48=0x000000555b63cf88 +0x50=0x0000000000000021 +0x58=0x000000555e36790c
    ptr[2]@0x555b63c628 d32 00000000 00000000 00000000 00000000 00000021 00000000 5b63c8c0 00000055 c2b252db 0000007f 5b467890 00000055 00000021 00000000 5e36794c 00000055 5b63cf88 00000055 5b63cf88 00000055 00000021 00000000 5e36790c 00000055
    ptr[2]@0x555b63c628 q64 +0x00=0x0000000000000000 +0x08=0x0000000000000000 +0x10=0x0000000000000021 +0x18=0x000000555b63c8c0 +0x20=0x0000007fc2b252db +0x28=0x000000555b467890 +0x30=0x0000000000000021 +0x38=0x000000555e36794c +0x40=0x000000555b63cf88 +0x48=0x000000555b63cf88 +0x50=0x0000000000000021 +0x58=0x000000555e36790c

[librknnc:top_tiler hit=3 pc=0x7fc15b39c0 off=0x2539c0]
  x0=0x555b636960 x1=0x555b6359f8 x2=0x555b644490 x3=0x7fffffcc60 x4=0x7fffffc960 x5=0x7fffffc980 x6=0x7fffffc84c x7=0xa0 x8=0x7fffffca98 lr=0x7fc15b7140
  entry *x0@0x555b636960: +0x00=0x0000007fc2e94c90 +0x08=0x0000007f00000000 +0x10=0x0000000000000000 +0x18=0x0000000000000021 +0x20=0x0000007fffffd810 +0x28=0x000000555b6359f8 +0x30=0x0000001d00000003 +0x38=0xbfd0d6bf00000003 +0x40=0x000000555b63c880 +0x48=0x000000555b63c884
  entry *x1@0x555b6359f8: +0x00=0x0000005546495245 +0x08=0x000000555b634fe8 +0x10=0x0000002000000080 +0x18=0x0000002000000040 +0x20=0x0000002000000020 +0x28=0x0000001000000010 +0x30=0x0000004000000010 +0x38=0x0000002000000040 +0x40=0x000ef00000000010 +0x48=0x000002000000000c
  entry *x2@0x555b644490: +0x00=0x0000007fc2e92528 +0x08=0x0000007fc2b30738 +0x10=0x0000000000000004 +0x18=0x000000555b643d48 +0x20=0x000000555b63e5d8 +0x28=0x0000000000000000 +0x30=0x0000000000000000 +0x38=0x0000000000000000 +0x40=0x0000000000000000 +0x48=0x0000000000000000
  entry *x3@0x7fffffcc60: +0x00=0x000000555b63cf20 +0x08=0x000000555b63cf28 +0x10=0x000000555b63cf28 +0x18=0x0000000000000001 +0x20=0x0000007f00000000 +0x28=0x0000000000000001 +0x30=0x0000000200000000 +0x38=0x0000007f00000001 +0x40=0x000000555b63c940 +0x48=0x000000555b63c950
  entry *x4@0x7fffffc960: +0x00=0x0000000000000000 +0x08=0x0000000000000000 +0x10=0x0000000000000000 +0x18=0x0000007feddde2a0 +0x20=0x0000000000000000 +0x28=0x0000000000000000 +0x30=0x0000000000000000 +0x38=0x78ca3a3ecde49700 +0x40=0x000000555b63cec0 +0x48=0x000000555b63cec4
  entry *x5@0x7fffffc980: +0x00=0x0000000000000000 +0x08=0x0000000000000000 +0x10=0x0000000000000000 +0x18=0x78ca3a3ecde49700 +0x20=0x000000555b63cec0 +0x28=0x000000555b63cec4 +0x30=0x000000555b63cec4 +0x38=0x0000007feddd4554 +0x40=0x000000555b63c660 +0x48=0x000000555b63c678
  entry *x6@0x7fffffc84c: +0x00=0x0000000100000006 +0x08=0x0000000100000001 +0x10=0x0000000100000001 +0x18=0x00000014000000a0 +0x20=0x0000014000000014 +0x28=0x00000003000000a0 +0x30=0x0000000100000003 +0x38=0x0000001400000140 +0x40=0x0000000100000014 +0x48=0x0000000100000001
  entry *x8@0x7fffffca98: +0x00=0x000000555b63c6a0 +0x08=0x000000555b63c6b8 +0x10=0x000000555b63c6b8 +0x18=0x000000555b63c660 +0x20=0x000000555b63c664 +0x28=0x000000555b63c664 +0x30=0x0000000000000001 +0x38=0x0000000000000000 +0x40=0x0000000000000001 +0x48=0x0000000200000000
Breakpoint 18 at 0x7fc15b7140
  #0  0x0000007fc15b39c0 in ?? () from /home/orangepi/.local/lib/python3.10/site-packages/rknn/api/lib/linux-aarch64/librknnc.so
  #1  0x0000007fc15b7140 in ?? () from /home/orangepi/.local/lib/python3.10/site-packages/rknn/api/lib/linux-aarch64/librknnc.so
  #2  0x0000007fc15bbe2c in ?? () from /home/orangepi/.local/lib/python3.10/site-packages/rknn/api/lib/linux-aarch64/librknnc.so
  #3  0x0000007fc15bc39c in ?? () from /home/orangepi/.local/lib/python3.10/site-packages/rknn/api/lib/linux-aarch64/librknnc.so
  #4  0x0000007fc15b1324 in ?? () from /home/orangepi/.local/lib/python3.10/site-packages/rknn/api/lib/linux-aarch64/librknnc.so
  #5  0x0000007fc14f1ce4 in ?? () from /home/orangepi/.local/lib/python3.10/site-packages/rknn/api/lib/linux-aarch64/librknnc.so
  #6  0x0000007fc14f1eb0 in ?? () from /home/orangepi/.local/lib/python3.10/site-packages/rknn/api/lib/linux-aarch64/librknnc.so
  #7  0x0000007fc14f24c8 in ?? () from /home/orangepi/.local/lib/python3.10/site-packages/rknn/api/lib/linux-aarch64/librknnc.so

[librknnc:param_extractor_mode_switch hit=10 pc=0x7fc152bc10 off=0x1cbc10]
  x0=0x555b6359f8 x1=0xa x2=0x140 x3=0x14000000000 x4=0x1 x5=0xa0 x6=0x14 x7=0xa0 x8=0x7fffffc0e0 lr=0x7fc15b3d10
  entry *x0@0x555b6359f8: +0x00=0x0000005546495245 +0x08=0x000000555b634fe8 +0x10=0x0000002000000080 +0x18=0x0000002000000040 +0x20=0x0000002000000020 +0x28=0x0000001000000010 +0x30=0x0000004000000010 +0x38=0x0000002000000040 +0x40=0x000ef00000000010 +0x48=0x000002000000000c
  entry *x1@0xa: unreadable
  entry *x2@0x140: unreadable
  entry *x3@0x14000000000: unreadable
  entry *x4@0x1: unreadable
  entry *x5@0xa0: unreadable
  entry *x6@0x14: unreadable
  entry *x8@0x7fffffc0e0: +0x00=0x0000000000000010 +0x08=0x00000000000000a0 +0x10=0x0000000000000040 +0x18=0x00000000ffffffff +0x20=0x0000000000000001 +0x28=0x0000000000000002 +0x30=0x000000005b63c860 +0x38=0x000000555b63c868 +0x40=0x000000105b63c868 +0x48=0x000000555b6359f8
  #0  0x0000007fc152bc10 in ?? () from /home/orangepi/.local/lib/python3.10/site-packages/rknn/api/lib/linux-aarch64/librknnc.so
  #1  0x0000007fc15b3d10 in ?? () from /home/orangepi/.local/lib/python3.10/site-packages/rknn/api/lib/linux-aarch64/librknnc.so
  #2  0x0000007fc15b7140 in ?? () from /home/orangepi/.local/lib/python3.10/site-packages/rknn/api/lib/linux-aarch64/librknnc.so
  #3  0x0000007fc15bbe2c in ?? () from /home/orangepi/.local/lib/python3.10/site-packages/rknn/api/lib/linux-aarch64/librknnc.so
  #4  0x0000007fc15bc39c in ?? () from /home/orangepi/.local/lib/python3.10/site-packages/rknn/api/lib/linux-aarch64/librknnc.so
  #5  0x0000007fc15b1324 in ?? () from /home/orangepi/.local/lib/python3.10/site-packages/rknn/api/lib/linux-aarch64/librknnc.so
  #6  0x0000007fc14f1ce4 in ?? () from /home/orangepi/.local/lib/python3.10/site-packages/rknn/api/lib/linux-aarch64/librknnc.so
  #7  0x0000007fc14f1eb0 in ?? () from /home/orangepi/.local/lib/python3.10/site-packages/rknn/api/lib/linux-aarch64/librknnc.so

[librknnc:param_extractor_mode_switch hit=11 pc=0x7fc152bc10 off=0x1cbc10]
  x0=0x555b6359f8 x1=0xa x2=0x140 x3=0x200000010 x4=0x1 x5=0xa0 x6=0x14 x7=0x1 x8=0x7fffffc0f8 lr=0x7fc15b3d4c
  entry *x0@0x555b6359f8: +0x00=0x0000005546495245 +0x08=0x000000555b634fe8 +0x10=0x0000002000000080 +0x18=0x0000002000000040 +0x20=0x0000002000000020 +0x28=0x0000001000000010 +0x30=0x0000004000000010 +0x38=0x0000002000000040 +0x40=0x000ef00000000010 +0x48=0x000002000000000c
  entry *x1@0xa: unreadable
  entry *x2@0x140: unreadable
  entry *x3@0x200000010: unreadable
  entry *x4@0x1: unreadable
  entry *x5@0xa0: unreadable
  entry *x6@0x14: unreadable
  entry *x8@0x7fffffc0f8: +0x00=0x00000000ffffffff +0x08=0x0000000000000001 +0x10=0x0000000000000002 +0x18=0x000000005b63c860 +0x20=0x000000555b63c868 +0x28=0x000000105b63c868 +0x30=0x000000555b6359f8 +0x38=0x0000000000000000 +0x40=0x0000001000000020 +0x48=0x0000007fffffc4d0
  #0  0x0000007fc152bc10 in ?? () from /home/orangepi/.local/lib/python3.10/site-packages/rknn/api/lib/linux-aarch64/librknnc.so
  #1  0x0000007fc15b3d4c in ?? () from /home/orangepi/.local/lib/python3.10/site-packages/rknn/api/lib/linux-aarch64/librknnc.so
  #2  0x0000007fc15b7140 in ?? () from /home/orangepi/.local/lib/python3.10/site-packages/rknn/api/lib/linux-aarch64/librknnc.so
  #3  0x0000007fc15bbe2c in ?? () from /home/orangepi/.local/lib/python3.10/site-packages/rknn/api/lib/linux-aarch64/librknnc.so
  #4  0x0000007fc15bc39c in ?? () from /home/orangepi/.local/lib/python3.10/site-packages/rknn/api/lib/linux-aarch64/librknnc.so
  #5  0x0000007fc15b1324 in ?? () from /home/orangepi/.local/lib/python3.10/site-packages/rknn/api/lib/linux-aarch64/librknnc.so
  #6  0x0000007fc14f1ce4 in ?? () from /home/orangepi/.local/lib/python3.10/site-packages/rknn/api/lib/linux-aarch64/librknnc.so
  #7  0x0000007fc14f1eb0 in ?? () from /home/orangepi/.local/lib/python3.10/site-packages/rknn/api/lib/linux-aarch64/librknnc.so

[librknnc:top_tiler:return pc=0x7fc15b7140]
  ret_x0=0x7fffffca98 ret_x1=0x0 ret_w0=0xffffca98
  return *x0@0x555b636960: +0x00=0x0000007fc2e94c90 +0x08=0x0000007f00000000 +0x10=0x0000000000000000 +0x18=0x0000000000000021 +0x20=0x0000007fffffd810 +0x28=0x000000555b6359f8 +0x30=0x0000001d00000003 +0x38=0xbfd0d6bf00000003 +0x40=0x000000555b63c880 +0x48=0x000000555b63c884
  return *x1@0x555b6359f8: +0x00=0x0000005546495245 +0x08=0x000000555b634fe8 +0x10=0x0000002000000080 +0x18=0x0000002000000040 +0x20=0x0000002000000020 +0x28=0x0000001000000010 +0x30=0x0000004000000010 +0x38=0x0000002000000040 +0x40=0x000ef00000000010 +0x48=0x000002000000000c
  return *x2@0x555b644490: +0x00=0x0000007fc2e92528 +0x08=0x0000007fc2b30738 +0x10=0x0000000000000004 +0x18=0x000000555b643d48 +0x20=0x000000555b63e5d8 +0x28=0x0000000000000000 +0x30=0x0000000000000000 +0x38=0x0000000000000000 +0x40=0x0000000000000000 +0x48=0x0000000000000000
  return *x3@0x7fffffcc60: +0x00=0x000000555b63cf20 +0x08=0x000000555b63cf28 +0x10=0x000000555b63cf28 +0x18=0x0000000000000001 +0x20=0x0000007f00000000 +0x28=0x0000000000000001 +0x30=0x0000000200000000 +0x38=0x0000007f00000001 +0x40=0x000000555b63c940 +0x48=0x000000555b63c950
  return *x4@0x7fffffc960: +0x00=0x000000555b646ee0 +0x08=0x000000555b646f08 +0x10=0x000000555b646f08 +0x18=0x0000007feddde2a0 +0x20=0x000000555b646f10 +0x28=0x000000555b646f38 +0x30=0x000000555b646f38 +0x38=0x78ca3a3ecde49700 +0x40=0x000000555b63cec0 +0x48=0x000000555b63cec4
  return *x5@0x7fffffc980: +0x00=0x000000555b646f10 +0x08=0x000000555b646f38 +0x10=0x000000555b646f38 +0x18=0x78ca3a3ecde49700 +0x20=0x000000555b63cec0 +0x28=0x000000555b63cec4 +0x30=0x000000555b63cec4 +0x38=0x0000007feddd4554 +0x40=0x000000555b63c660 +0x48=0x000000555b63c678
  return *x6@0x7fffffc84c: +0x00=0x0000000100000002 +0x08=0x0000000100000001 +0x10=0x0000000100000001 +0x18=0x00000014000000a0 +0x20=0x0000014000000014 +0x28=0x00000003000000a0 +0x30=0x0000000100000003 +0x38=0x0000001400000140 +0x40=0x0000000100000014 +0x48=0x0000000100000001
  return *x8@0x7fffffca98: +0x00=0x000000555b63c6a0 +0x08=0x000000555b63c6b8 +0x10=0x000000555b63c6b8 +0x18=0x000000555b63c660 +0x20=0x000000555b63c664 +0x28=0x000000555b63c664 +0x30=0x0000000000000001 +0x38=0x0000000000000000 +0x40=0x0000000000000001 +0x48=0x0000000200000000
  return vec x3@0x7fffffcc60: begin=0x555b63cf20 end=0x555b63cf28 cap=0x555b63cf28 bytes=8 cap_bytes=8 n32=2 n64=1
    d32 00000000 00000014
    q64 +0x00=0x0000001400000000
  return vec x4@0x7fffffc960: begin=0x555b646ee0 end=0x555b646f08 cap=0x555b646f08 bytes=40 cap_bytes=40 n32=10 n64=5
    d32 5b63c7c0 00000055 00000000 00000000 5b63c7c0 00000055 00000001 6150676e 5b63c7c8 00000055
    q64 +0x00=0x000000555b63c7c0 +0x08=0x0000000000000000 +0x10=0x000000555b63c7c0 +0x18=0x6150676e00000001 +0x20=0x000000555b63c7c8
    ptr[0]@0x555b63c7c0 d32 5e31816c 00000055 00000000 00000000 00000000 00000000 00000021 00000000 5e3671cc 00000055 5b63c818 00000055 5b63c818 00000055 00000021 00000000 5e367e6c 00000055 5b63c868 00000055 5b63c868 00000055 00000021 00000000
    ptr[0]@0x555b63c7c0 q64 +0x00=0x000000555e31816c +0x08=0x0000000000000000 +0x10=0x0000000000000000 +0x18=0x0000000000000021 +0x20=0x000000555e3671cc +0x28=0x000000555b63c818 +0x30=0x000000555b63c818 +0x38=0x0000000000000021 +0x40=0x000000555e367e6c +0x48=0x000000555b63c868 +0x50=0x000000555b63c868 +0x58=0x0000000000000021
    ptr[2]@0x555b63c7c0 d32 5e31816c 00000055 00000000 00000000 00000000 00000000 00000021 00000000 5e3671cc 00000055 5b63c818 00000055 5b63c818 00000055 00000021 00000000 5e367e6c 00000055 5b63c868 00000055 5b63c868 00000055 00000021 00000000
    ptr[2]@0x555b63c7c0 q64 +0x00=0x000000555e31816c +0x08=0x0000000000000000 +0x10=0x0000000000000000 +0x18=0x0000000000000021 +0x20=0x000000555e3671cc +0x28=0x000000555b63c818 +0x30=0x000000555b63c818 +0x38=0x0000000000000021 +0x40=0x000000555e367e6c +0x48=0x000000555b63c868 +0x50=0x000000555b63c868 +0x58=0x0000000000000021
    ptr[4]@0x555b63c7c8 d32 00000000 00000000 00000000 00000000 00000021 00000000 5e3671cc 00000055 5b63c818 00000055 5b63c818 00000055 00000021 00000000 5e367e6c 00000055 5b63c868 00000055 5b63c868 00000055 00000021 00000000 5b63c840 00000055
    ptr[4]@0x555b63c7c8 q64 +0x00=0x0000000000000000 +0x08=0x0000000000000000 +0x10=0x0000000000000021 +0x18=0x000000555e3671cc +0x20=0x000000555b63c818 +0x28=0x000000555b63c818 +0x30=0x0000000000000021 +0x38=0x000000555e367e6c +0x40=0x000000555b63c868 +0x48=0x000000555b63c868 +0x50=0x0000000000000021 +0x58=0x000000555b63c840
  return vec x5@0x7fffffc980: begin=0x555b646f10 end=0x555b646f38 cap=0x555b646f38 bytes=40 cap_bytes=40 n32=10 n64=5
    d32 5b643750 00000055 00000000 00000000 5b643750 00000055 00000001 00000000 5b643758 00000055
    q64 +0x00=0x000000555b643750 +0x08=0x0000000000000000 +0x10=0x000000555b643750 +0x18=0x0000000000000001 +0x20=0x000000555b643758
    ptr[0]@0x555b643750 d32 5e367fc2 00000055 00000000 00000000 00000000 00000000 00000071 00000000 5b45d390 00000055 00000000 00000000 00000002 00000000 00000000 00000000 5b63ace0 00000055 5b63acf0 00000055 5b63acf0 00000055 75715f01 5f746e61
    ptr[0]@0x555b643750 q64 +0x00=0x000000555e367fc2 +0x08=0x0000000000000000 +0x10=0x0000000000000000 +0x18=0x0000000000000071 +0x20=0x000000555b45d390 +0x28=0x0000000000000000 +0x30=0x0000000000000002 +0x38=0x0000000000000000 +0x40=0x000000555b63ace0 +0x48=0x000000555b63acf0 +0x50=0x000000555b63acf0 +0x58=0x5f746e6175715f01
    ptr[2]@0x555b643750 d32 5e367fc2 00000055 00000000 00000000 00000000 00000000 00000071 00000000 5b45d390 00000055 00000000 00000000 00000002 00000000 00000000 00000000 5b63ace0 00000055 5b63acf0 00000055 5b63acf0 00000055 75715f01 5f746e61
    ptr[2]@0x555b643750 q64 +0x00=0x000000555e367fc2 +0x08=0x0000000000000000 +0x10=0x0000000000000000 +0x18=0x0000000000000071 +0x20=0x000000555b45d390 +0x28=0x0000000000000000 +0x30=0x0000000000000002 +0x38=0x0000000000000000 +0x40=0x000000555b63ace0 +0x48=0x000000555b63acf0 +0x50=0x000000555b63acf0 +0x58=0x5f746e6175715f01
    ptr[4]@0x555b643758 d32 00000000 00000000 00000000 00000000 00000071 00000000 5b45d390 00000055 00000000 00000000 00000002 00000000 00000000 00000000 5b63ace0 00000055 5b63acf0 00000055 5b63acf0 00000055 75715f01 5f746e61 5b3261c8 00000055
    ptr[4]@0x555b643758 q64 +0x00=0x0000000000000000 +0x08=0x0000000000000000 +0x10=0x0000000000000071 +0x18=0x000000555b45d390 +0x20=0x0000000000000000 +0x28=0x0000000000000002 +0x30=0x0000000000000000 +0x38=0x000000555b63ace0 +0x40=0x000000555b63acf0 +0x48=0x000000555b63acf0 +0x50=0x5f746e6175715f01 +0x58=0x000000555b3261c8
  return vec x8@0x7fffffca98: begin=0x555b63c6a0 end=0x555b63c6b8 cap=0x555b63c6b8 bytes=24 cap_bytes=24 n32=6 n64=3
    d32 5b63cf00 00000055 5b63cf08 00000055 5b63cf08 00000055
    q64 +0x00=0x000000555b63cf00 +0x08=0x000000555b63cf08 +0x10=0x000000555b63cf08
    ptr[0]@0x555b63cf00 d32 ffffffff 00000013 00000000 00000000 00000000 00000000 00000021 00000000 00000000 00000014 00000000 00000000 00000020 00000000 00000021 00000000 5e367fbc 00000055 64616fb4 99221f13 00000020 00000000 00000021 00000000
    ptr[0]@0x555b63cf00 q64 +0x00=0x00000013ffffffff +0x08=0x0000000000000000 +0x10=0x0000000000000000 +0x18=0x0000000000000021 +0x20=0x0000001400000000 +0x28=0x0000000000000000 +0x30=0x0000000000000020 +0x38=0x0000000000000021 +0x40=0x000000555e367fbc +0x48=0x99221f1364616fb4 +0x50=0x0000000000000020 +0x58=0x0000000000000021
    ptr[1]@0x555b63cf08 d32 00000000 00000000 00000000 00000000 00000021 00000000 00000000 00000014 00000000 00000000 00000020 00000000 00000021 00000000 5e367fbc 00000055 64616fb4 99221f13 00000020 00000000 00000021 00000000 5b644180 00000055
    ptr[1]@0x555b63cf08 q64 +0x00=0x0000000000000000 +0x08=0x0000000000000000 +0x10=0x0000000000000021 +0x18=0x0000001400000000 +0x20=0x0000000000000000 +0x28=0x0000000000000020 +0x30=0x0000000000000021 +0x38=0x000000555e367fbc +0x40=0x99221f1364616fb4 +0x48=0x0000000000000020 +0x50=0x0000000000000021 +0x58=0x000000555b644180
    ptr[2]@0x555b63cf08 d32 00000000 00000000 00000000 00000000 00000021 00000000 00000000 00000014 00000000 00000000 00000020 00000000 00000021 00000000 5e367fbc 00000055 64616fb4 99221f13 00000020 00000000 00000021 00000000 5b644180 00000055
    ptr[2]@0x555b63cf08 q64 +0x00=0x0000000000000000 +0x08=0x0000000000000000 +0x10=0x0000000000000021 +0x18=0x0000001400000000 +0x20=0x0000000000000000 +0x28=0x0000000000000020 +0x30=0x0000000000000021 +0x38=0x000000555e367fbc +0x40=0x99221f1364616fb4 +0x48=0x0000000000000020 +0x50=0x0000000000000021 +0x58=0x000000555b644180

[librknnc:param_extractor_mode_switch hit=12 pc=0x7fc152bc10 off=0x1cbc10]
  x0=0x555b6359f8 x1=0x3 x2=0x0 x3=0x555b462ad0 x4=0x555b7ed940 x5=0x555b64a730 x6=0x41 x7=0x1a3211 x8=0x7fffffc598 lr=0x7fc196a738
  entry *x0@0x555b6359f8: +0x00=0x0000005546495245 +0x08=0x000000555b634fe8 +0x10=0x0000002000000080 +0x18=0x0000002000000040 +0x20=0x0000002000000020 +0x28=0x0000001000000010 +0x30=0x0000004000000010 +0x38=0x0000002000000040 +0x40=0x000ef00000000010 +0x48=0x000002000000000c
  entry *x1@0x3: unreadable
  entry *x2@0x0: null
  entry *x3@0x555b462ad0: +0x00=0x0000005500000001 +0x08=0x000000555b32d1f8 +0x10=0x000000555b63c5e0 +0x18=0x000000555b648dc0 +0x20=0x0000300c0000300c +0x28=0x7361007373610000 +0x30=0x000000555b320073 +0x38=0x0000000000000031 +0x40=0x000000555b326a90 +0x48=0x0000007fc2b3b3cc
  entry *x4@0x555b7ed940: +0x00=0x00000000001a3210 +0x08=0x00000000001c2ff0 +0x10=0x00000000001c2000 +0x18=0x00000000001c2fc7 +0x20=0x0000000000000000 +0x28=0xc006434f3f8e0704 +0x30=0x3e5eb094bf650f85 +0x38=0xbf76700bbed1ee64 +0x40=0xbeda68903fdf7120 +0x48=0x3f0844f23f535584
  entry *x5@0x555b64a730: +0x00=0xbc862b023fb0f67c +0x08=0x00000000001a3211 +0x10=0x0000007ff7ea1b70 +0x18=0x0000007ff7ea1b70 +0x20=0x0000000000000000 +0x28=0x0000000000000000 +0x30=0x3f873676be4bfdf0 +0x38=0xbf9d01113fdec3d5 +0x40=0x3e976666be965e2f +0x48=0x3f4f05e7bf4aa26a
  entry *x6@0x41: unreadable
  entry *x8@0x7fffffc598: +0x00=0x0000007ff7d905fc +0x08=0x0000007ff7ea1b10 +0x10=0x0000000000000020 +0x18=0x0000007ff7fc0be0 +0x20=0x0000000000000058 +0x28=0x0000007ff7fc0c38 +0x30=0x000000555b62b4d0 +0x38=0x0000007fffffc770 +0x40=0x0000007fc2b25e10 +0x48=0x0000007fffffc660
  #0  0x0000007fc152bc10 in ?? () from /home/orangepi/.local/lib/python3.10/site-packages/rknn/api/lib/linux-aarch64/librknnc.so
  #1  0x0000007fc196a738 in ?? () from /home/orangepi/.local/lib/python3.10/site-packages/rknn/api/lib/linux-aarch64/librknnc.so
  #2  0x0000007fc1979f50 in ?? () from /home/orangepi/.local/lib/python3.10/site-packages/rknn/api/lib/linux-aarch64/librknnc.so
  #3  0x0000007fc19bb4ec in ?? () from /home/orangepi/.local/lib/python3.10/site-packages/rknn/api/lib/linux-aarch64/librknnc.so
  #4  0x0000007fc19bb608 in ?? () from /home/orangepi/.local/lib/python3.10/site-packages/rknn/api/lib/linux-aarch64/librknnc.so
  #5  0x0000007fc25cf21c in ?? () from /home/orangepi/.local/lib/python3.10/site-packages/rknn/api/lib/linux-aarch64/librknnc.so
  #6  0x0000007fc25cf6d4 in ?? () from /home/orangepi/.local/lib/python3.10/site-packages/rknn/api/lib/linux-aarch64/librknnc.so
  #7  0x0000007fc14f1ce4 in ?? () from /home/orangepi/.local/lib/python3.10/site-packages/rknn/api/lib/linux-aarch64/librknnc.so

[librknnc:param_extractor_mode_switch hit=13 pc=0x7fc152bc10 off=0x1cbc10]
  x0=0x555b6359f8 x1=0xa x2=0xa x3=0x555b644790 x4=0x7fc150b120 x5=0x100000003 x6=0x1 x7=0x0 x8=0x7fffffc768 lr=0x7fc1993cb8
  entry *x0@0x555b6359f8: +0x00=0x0000005546495245 +0x08=0x000000555b634fe8 +0x10=0x0000002000000080 +0x18=0x0000002000000040 +0x20=0x0000002000000020 +0x28=0x0000001000000010 +0x30=0x0000004000000010 +0x38=0x0000002000000040 +0x40=0x000ef00000000010 +0x48=0x000002000000000c
  entry *x1@0xa: unreadable
  entry *x2@0xa: unreadable
  entry *x3@0x555b644790: +0x00=0x000000555b643e30 +0x08=0x000000555b2fd1d0 +0x10=0x000000555b31eba0 +0x18=0x0073656469727473 +0x20=0x0000000065706168 +0x28=0x0000000000000021 +0x30=0x000000555b644490 +0x38=0x0000000000000001 +0x40=0x000000555b2fd1d0 +0x48=0x0000000000000031
  entry *x4@0x7fc150b120: +0x00=0xf8615800f9402c00 +0x08=0xd503201fd65f03c0 +0x10=0xf8615800f9403800 +0x18=0xd503201fd65f03c0 +0x20=0xf8615800f9403800 +0x28=0xd503201fd65f03c0 +0x30=0xd503201fd65f03c0 +0x38=0xd503201fd503201f +0x40=0xd503201f17fdbdc4 +0x48=0xd503201fd503201f
  entry *x5@0x100000003: unreadable
  entry *x6@0x1: unreadable
  entry *x8@0x7fffffc768: +0x00=0x0000007f00000002 +0x08=0x000000555b62b4b0 +0x10=0x000000555b62b4d0 +0x18=0x000000555b62b4d0 +0x20=0x000000555b6444a8 +0x28=0x0000007fc2e4f2b8 +0x30=0x0000000000000000 +0x38=0x0000007fffffc860 +0x40=0x0000007ff7d905fc +0x48=0x0000007ff7ea1b10
  #0  0x0000007fc152bc10 in ?? () from /home/orangepi/.local/lib/python3.10/site-packages/rknn/api/lib/linux-aarch64/librknnc.so
  #1  0x0000007fc1993cb8 in ?? () from /home/orangepi/.local/lib/python3.10/site-packages/rknn/api/lib/linux-aarch64/librknnc.so
  #2  0x0000007fc19bb404 in ?? () from /home/orangepi/.local/lib/python3.10/site-packages/rknn/api/lib/linux-aarch64/librknnc.so
  #3  0x0000007fc19bb608 in ?? () from /home/orangepi/.local/lib/python3.10/site-packages/rknn/api/lib/linux-aarch64/librknnc.so
  #4  0x0000007fc25cf21c in ?? () from /home/orangepi/.local/lib/python3.10/site-packages/rknn/api/lib/linux-aarch64/librknnc.so
  #5  0x0000007fc25cf6d4 in ?? () from /home/orangepi/.local/lib/python3.10/site-packages/rknn/api/lib/linux-aarch64/librknnc.so
  #6  0x0000007fc14f1ce4 in ?? () from /home/orangepi/.local/lib/python3.10/site-packages/rknn/api/lib/linux-aarch64/librknnc.so
  #7  0x0000007fc14f1eb0 in ?? () from /home/orangepi/.local/lib/python3.10/site-packages/rknn/api/lib/linux-aarch64/librknnc.so

[librknnc:param_extractor_mode_switch hit=14 pc=0x7fc152bc10 off=0x1cbc10]
  x0=0x555b6359f8 x1=0xa x2=0x2 x3=0x200000010 x4=0x7fc150b120 x5=0x100000003 x6=0x1 x7=0x0 x8=0x7fffffc780 lr=0x7fc1993cdc
  entry *x0@0x555b6359f8: +0x00=0x0000005546495245 +0x08=0x000000555b634fe8 +0x10=0x0000002000000080 +0x18=0x0000002000000040 +0x20=0x0000002000000020 +0x28=0x0000001000000010 +0x30=0x0000004000000010 +0x38=0x0000002000000040 +0x40=0x000ef00000000010 +0x48=0x000002000000000c
  entry *x1@0xa: unreadable
  entry *x2@0x2: unreadable
  entry *x3@0x200000010: unreadable
  entry *x4@0x7fc150b120: +0x00=0xf8615800f9402c00 +0x08=0xd503201fd65f03c0 +0x10=0xf8615800f9403800 +0x18=0xd503201fd65f03c0 +0x20=0xf8615800f9403800 +0x28=0xd503201fd65f03c0 +0x30=0xd503201fd65f03c0 +0x38=0xd503201fd503201f +0x40=0xd503201f17fdbdc4 +0x48=0xd503201fd503201f
  entry *x5@0x100000003: unreadable
  entry *x6@0x1: unreadable
  entry *x8@0x7fffffc780: +0x00=0x000000555b62b4d0 +0x08=0x000000555b6444a8 +0x10=0x0000007fc2e4f2b8 +0x18=0x0000000000000000 +0x20=0x0000007fffffc860 +0x28=0x0000007ff7d905fc +0x30=0x0000007ff7ea1b10 +0x38=0x78ca3a3ecde49700 +0x40=0x0000007fffffc820 +0x48=0x0000007ff7d90ba4
  #0  0x0000007fc152bc10 in ?? () from /home/orangepi/.local/lib/python3.10/site-packages/rknn/api/lib/linux-aarch64/librknnc.so
  #1  0x0000007fc1993cdc in ?? () from /home/orangepi/.local/lib/python3.10/site-packages/rknn/api/lib/linux-aarch64/librknnc.so
  #2  0x0000007fc19bb404 in ?? () from /home/orangepi/.local/lib/python3.10/site-packages/rknn/api/lib/linux-aarch64/librknnc.so
  #3  0x0000007fc19bb608 in ?? () from /home/orangepi/.local/lib/python3.10/site-packages/rknn/api/lib/linux-aarch64/librknnc.so
  #4  0x0000007fc25cf21c in ?? () from /home/orangepi/.local/lib/python3.10/site-packages/rknn/api/lib/linux-aarch64/librknnc.so
  #5  0x0000007fc25cf6d4 in ?? () from /home/orangepi/.local/lib/python3.10/site-packages/rknn/api/lib/linux-aarch64/librknnc.so
  #6  0x0000007fc14f1ce4 in ?? () from /home/orangepi/.local/lib/python3.10/site-packages/rknn/api/lib/linux-aarch64/librknnc.so
  #7  0x0000007fc14f1eb0 in ?? () from /home/orangepi/.local/lib/python3.10/site-packages/rknn/api/lib/linux-aarch64/librknnc.so

[librknnc:param_extractor_mode_switch hit=15 pc=0x7fc152bc10 off=0x1cbc10]
  x0=0x555b6359f8 x1=0xa x2=0x2 x3=0x200000010 x4=0x7fc150b120 x5=0x100000003 x6=0x1 x7=0x0 x8=0x7fffffc798 lr=0x7fc1993cec
  entry *x0@0x555b6359f8: +0x00=0x0000005546495245 +0x08=0x000000555b634fe8 +0x10=0x0000002000000080 +0x18=0x0000002000000040 +0x20=0x0000002000000020 +0x28=0x0000001000000010 +0x30=0x0000004000000010 +0x38=0x0000002000000040 +0x40=0x000ef00000000010 +0x48=0x000002000000000c
  entry *x1@0xa: unreadable
  entry *x2@0x2: unreadable
  entry *x3@0x200000010: unreadable
  entry *x4@0x7fc150b120: +0x00=0xf8615800f9402c00 +0x08=0xd503201fd65f03c0 +0x10=0xf8615800f9403800 +0x18=0xd503201fd65f03c0 +0x20=0xf8615800f9403800 +0x28=0xd503201fd65f03c0 +0x30=0xd503201fd65f03c0 +0x38=0xd503201fd503201f +0x40=0xd503201f17fdbdc4 +0x48=0xd503201fd503201f
  entry *x5@0x100000003: unreadable
  entry *x6@0x1: unreadable
  entry *x8@0x7fffffc798: +0x00=0x0000000000000000 +0x08=0x0000007fffffc860 +0x10=0x0000007ff7d905fc +0x18=0x0000007ff7ea1b10 +0x20=0x78ca3a3ecde49700 +0x28=0x0000007fffffc820 +0x30=0x0000007ff7d90ba4 +0x38=0x0000007ff7fc0be0 +0x40=0x0000000000000020 +0x48=0x0000000000000000
  #0  0x0000007fc152bc10 in ?? () from /home/orangepi/.local/lib/python3.10/site-packages/rknn/api/lib/linux-aarch64/librknnc.so
  #1  0x0000007fc1993cec in ?? () from /home/orangepi/.local/lib/python3.10/site-packages/rknn/api/lib/linux-aarch64/librknnc.so
  #2  0x0000007fc19bb404 in ?? () from /home/orangepi/.local/lib/python3.10/site-packages/rknn/api/lib/linux-aarch64/librknnc.so
  #3  0x0000007fc19bb608 in ?? () from /home/orangepi/.local/lib/python3.10/site-packages/rknn/api/lib/linux-aarch64/librknnc.so
  #4  0x0000007fc25cf21c in ?? () from /home/orangepi/.local/lib/python3.10/site-packages/rknn/api/lib/linux-aarch64/librknnc.so
  #5  0x0000007fc25cf6d4 in ?? () from /home/orangepi/.local/lib/python3.10/site-packages/rknn/api/lib/linux-aarch64/librknnc.so
  #6  0x0000007fc14f1ce4 in ?? () from /home/orangepi/.local/lib/python3.10/site-packages/rknn/api/lib/linux-aarch64/librknnc.so
  #7  0x0000007fc14f1eb0 in ?? () from /home/orangepi/.local/lib/python3.10/site-packages/rknn/api/lib/linux-aarch64/librknnc.so
I rknn building done.


=== DONE ===
[Thread 0x7fa1997120 (LWP 104353) exited]
[Thread 0x7fd7f1f120 (LWP 104337) exited]
[Thread 0x7fcaebf120 (LWP 104343) exited]
[Thread 0x7fcd6cf120 (LWP 104342) exited]
[Thread 0x7fcfedf120 (LWP 104341) exited]
[Thread 0x7fd26ef120 (LWP 104340) exited]
[Thread 0x7fd4eff120 (LWP 104339) exited]
[Thread 0x7fd770f120 (LWP 104338) exited]
[Thread 0x7fac5bf120 (LWP 104351) exited]
[Thread 0x7facdcf120 (LWP 104350) exited]
[Thread 0x7fad5df120 (LWP 104349) exited]
[Thread 0x7faddef120 (LWP 104348) exited]
[Thread 0x7fae5ff120 (LWP 104347) exited]
[Thread 0x7faee0f120 (LWP 104346) exited]
[Thread 0x7faf61f120 (LWP 104345) exited]
[Thread 0x7fdc5ef120 (LWP 104336) exited]
[Thread 0x7fe0dff120 (LWP 104335) exited]
[Thread 0x7fe360f120 (LWP 104334) exited]
[Thread 0x7fe5e1f120 (LWP 104333) exited]
[Thread 0x7fe862f120 (LWP 104332) exited]
[Thread 0x7feae3f120 (LWP 104331) exited]
[Thread 0x7feb64f120 (LWP 104330) exited]
[Inferior 1 (process 104328) exited normally]
