Breakpoint 1 at 0x6f644
Function "__libc_dlopen_mode" not defined.
Breakpoint 2 (__libc_dlopen_mode) pending.
Function "_dl_debug_state" not defined.
Breakpoint 3 (_dl_debug_state) pending.
trace_librknnc_regcmd_emit.gdb loaded
[Thread debugging using libthread_db enabled]
Using host libthread_db library "/lib/aarch64-linux-gnu/libthread_db.so.1".
[New Thread 0x7feb64f120 (LWP 101512)]
[New Thread 0x7fe8e3f120 (LWP 101513)]
[New Thread 0x7fe862f120 (LWP 101514)]
[New Thread 0x7fe5e1f120 (LWP 101515)]
[New Thread 0x7fe160f120 (LWP 101516)]
[New Thread 0x7fdedff120 (LWP 101517)]
[New Thread 0x7fde5ef120 (LWP 101518)]
[New Thread 0x7fd7f1f120 (LWP 101519)]
[New Thread 0x7fd770f120 (LWP 101520)]
[New Thread 0x7fd4eff120 (LWP 101521)]
[New Thread 0x7fd26ef120 (LWP 101522)]
[New Thread 0x7fd1edf120 (LWP 101523)]
[New Thread 0x7fcd6cf120 (LWP 101524)]
[New Thread 0x7fcaebf120 (LWP 101525)]
[Detaching after vfork from child process 101526]
librknnc base=0x7fc1360000
  trace emit_loop_a_value_ready=0x7fc1f752f0
Breakpoint 4 at 0x7fc1f752f0
  trace emit_loop_a_append=0x7fc1f75300
Breakpoint 5 at 0x7fc1f75300
  trace emit_loop_b_value_ready=0x7fc1f754c4
Breakpoint 6 at 0x7fc1f754c4
  trace emit_loop_b_append=0x7fc1f754d4
Breakpoint 7 at 0x7fc1f754d4
  trace emit_qword_append_late=0x7fc1f75ff4
Breakpoint 8 at 0x7fc1f75ff4
[New Thread 0x7faf61f120 (LWP 101527)]
[New Thread 0x7faee0f120 (LWP 101528)]
[New Thread 0x7fae5ff120 (LWP 101529)]
[New Thread 0x7faddef120 (LWP 101530)]
[New Thread 0x7fad5df120 (LWP 101531)]
[New Thread 0x7facdcf120 (LWP 101532)]
[New Thread 0x7fac5bf120 (LWP 101533)]
[Detaching after vfork from child process 101534]
I rknn-toolkit2 version: 2.3.2
[New Thread 0x7fa1997120 (LWP 101535)]
I Loading :   0%|                                                             | 0/2 [00:00<?, ?it/s]I Loading : 100%|█████████████████████████████████████████████████████| 2/2 [00:00<00:00, 30.13it/s]
[1;33mW[0m [1;33mload_onnx: The config.mean_values is None, zeros will be set for input 0![0m
[1;33mW[0m [1;33mload_onnx: The config.std_values is None, ones will be set for input 0![0m
[0;93m2026-05-23 03:12:18.196012396 [W:onnxruntime:Default, device_discovery.cc:164 DiscoverDevicesForPlatform] GPU device discovery failed: device_discovery.cc:89 ReadFileContents Failed to open file: "/sys/class/drm/card1/device/vendor"[m
I OpFusing 0:   0%|                                                         | 0/100 [00:00<?, ?it/s]I OpFusing 0: 100%|███████████████████████████████████████████| 100/100 [00:00<00:00, 182758.34it/s]I OpFusing 1 :   0%|                                                        | 0/100 [00:00<?, ?it/s]I OpFusing 1 : 100%|███████████████████████████████████████████| 100/100 [00:00<00:00, 68759.08it/s]I OpFusing 2 :   0%|                                                        | 0/100 [00:00<?, ?it/s]I OpFusing 2 : 100%|███████████████████████████████████████████| 100/100 [00:00<00:00, 55144.68it/s]I OpFusing 2 : 100%|███████████████████████████████████████████| 100/100 [00:00<00:00, 49119.38it/s]
I rknn building ...
I rknn building done.


=== DONE ===
[Thread 0x7fa1997120 (LWP 101535) exited]
[trace] process exit; quitting
